
RAxML-NG v. 1.1 released on 29.11.2021 by The Exelixis Lab.
Developed by: Alexey M. Kozlov and Alexandros Stamatakis.
Contributors: Diego Darriba, Tomas Flouri, Benoit Morel, Sarah Lutteropp, Ben Bettisworth.
Latest version: https://github.com/amkozlov/raxml-ng
Questions/problems/suggestions? Please visit: https://groups.google.com/forum/#!forum/raxml

System: Intel(R) Xeon(R) Gold 6240 CPU @ 2.60GHz, 36 cores, 376 GB RAM

RAxML-NG was called at 06-Nov-2025 22:01:13 as follows:

raxml-ng --all --msa /mnt/archgen/mutans/06-popgen/infiles/00-modernanc_multivcfAnalyzer_5x_homo_core_NEW/snpAlignment_completedeletion_biallelic.fasta --msa-format FASTA --data-type DNA --prefix 5X_compleetedeletion_RaxmlNG_ASC_STAM --seed 12345 --threads 32 --model GTR+G4+ASC_STAM{597194/312412/308047/601814} --bs-trees 1000

Analysis options:
  run mode: ML tree search + bootstrapping (Felsenstein Bootstrap)
  start tree(s): random (10) + parsimony (10)
  bootstrap replicates: 1000
  random seed: 12345
  tip-inner: OFF
  pattern compression: ON
  per-rate scalers: OFF
  site repeats: ON
  branch lengths: proportional (ML estimate, algorithm: NR-FAST)
  SIMD kernels: AVX2
  parallelization: coarse-grained (auto), PTHREADS (32 threads), thread pinning: OFF

[00:00:00] Reading alignment from file: /mnt/archgen/mutans/06-popgen/infiles/00-modernanc_multivcfAnalyzer_5x_homo_core_NEW/snpAlignment_completedeletion_biallelic.fasta
[00:00:01] Loaded alignment with 492 taxa and 40679 sites

WARNING: Sequences GCF_000228845.1 and GCF_000228925.1 are exactly identical!
WARNING: Sequences GCF_000229085.1 and GCF_000229265.1 are exactly identical!
WARNING: Sequences GCF_000229325.1 and GCF_000229625.1 are exactly identical!
WARNING: Sequences GCF_000229365.1 and GCF_000229865.1 are exactly identical!
WARNING: Sequences GCF_000229645.1 and GCF_000229665.1 are exactly identical!
WARNING: Sequences GCF_000229745.1 and GCF_000229885.1 are exactly identical!
WARNING: Sequences GCF_000229805.1 and GCF_000229825.1 are exactly identical!
WARNING: Sequences GCF_000339535.1 and GCF_018588765.1 are exactly identical!
WARNING: Sequences GCF_000375505.1 and GCF_006739205.1 are exactly identical!
WARNING: Sequences GCF_000375505.1 and GCF_012273155.1 are exactly identical!
WARNING: Sequences GCF_000375505.1 and GCF_019048645.1 are exactly identical!
WARNING: Sequences GCF_000375505.1 and GCF_900475095.1 are exactly identical!
WARNING: Sequences GCF_000496535.1 and GCF_002212965.1 are exactly identical!
WARNING: Sequences GCF_000496535.1 and GCF_002213065.1 are exactly identical!
WARNING: Sequences GCF_000522765.1 and GCF_014621675.1 are exactly identical!
WARNING: Sequences GCF_002212845.1 and GCF_008831365.1 are exactly identical!
WARNING: Sequences GCF_011765505.1 and GCF_011765545.1 are exactly identical!
WARNING: Sequences GCF_020529645.1 and GCF_020529905.1 are exactly identical!
WARNING: Sequences GCF_020530685.1 and GCF_020531635.1 are exactly identical!
WARNING: Sequences GCF_020530965.1 and GCF_020531185.1 are exactly identical!
WARNING: Sequences GCF_020531255.1 and GCF_020531385.1 are exactly identical!
WARNING: Sequences GCF_028326145.1 and GCF_028326165.1 are exactly identical!
WARNING: Sequences GCF_032379235.1 and GCF_032379295.1 are exactly identical!
WARNING: Sequences GCF_032379455.1 and GCF_032379475.1 are exactly identical!
WARNING: Sequences GCF_032379455.1 and GCF_032379495.1 are exactly identical!
WARNING: Sequences GCF_032379715.1 and GCF_032379735.1 are exactly identical!
WARNING: Sequences GCF_032379915.1 and GCF_032380015.1 are exactly identical!
WARNING: Sequences GCF_032380315.1 and GCF_032380375.1 are exactly identical!
WARNING: Duplicate sequences found: 28

NOTE: Reduced alignment (with duplicates and gap-only sites/taxa removed) 
NOTE: was saved to: /mnt/archgen/mutans/06-popgen/outfiles/raxml_highcov_NEW/completedeletion_correction/5X_compleetedeletion_RaxmlNG_ASC_STAM.raxml.reduced.phy

Alignment comprises 1 partitions and 16356 patterns

Partition 0: noname
Model: GTR+FO+G4m+ASC_STAM{597194/312412/308047/601814}
Alignment sites / patterns: 40679 / 16356
Gaps: 0.00 %
Invariant sites: 0.00 %


NOTE: Binary MSA file created: 5X_compleetedeletion_RaxmlNG_ASC_STAM.raxml.rba

Parallelization scheme autoconfig: 4 worker(s) x 8 thread(s)

Parallel reduction/worker buffer size: 1 KB  / 0 KB

[00:00:02] Generating 10 random starting tree(s) with 492 taxa
[00:00:02] Generating 10 parsimony starting tree(s) with 492 taxa
[00:00:17] Data distribution: max. partitions/sites/weight per thread: 1 / 2045 / 32720
[00:00:19] Data distribution: max. searches per worker: 255

Starting ML tree search with 20 distinct starting trees

[01:22:53] [worker #0] ML tree search #1, logLikelihood: -3298866.250679
[01:27:59] [worker #1] ML tree search #2, logLikelihood: -3298896.308692
[01:29:27] [worker #2] ML tree search #3, logLikelihood: -3298868.134631
[01:34:28] [worker #3] ML tree search #4, logLikelihood: -3298863.139445
[02:59:42] [worker #0] ML tree search #5, logLikelihood: -3298860.607236
[03:12:45] [worker #1] ML tree search #6, logLikelihood: -3298968.574053
[03:28:02] [worker #3] ML tree search #8, logLikelihood: -3298899.902423
[03:38:21] [worker #2] ML tree search #7, logLikelihood: -3299087.807999
[04:28:30] [worker #3] ML tree search #12, logLikelihood: -3298962.679758
[04:37:34] [worker #0] ML tree search #9, logLikelihood: -3299122.527146
[04:47:09] [worker #1] ML tree search #10, logLikelihood: -3299106.080401
[04:54:09] [worker #2] ML tree search #11, logLikelihood: -3298981.893341
[05:21:41] [worker #3] ML tree search #16, logLikelihood: -3299073.305801
[05:36:52] [worker #1] ML tree search #14, logLikelihood: -3298879.743115
[05:40:50] [worker #0] ML tree search #13, logLikelihood: -3299129.813894
[05:54:37] [worker #2] ML tree search #15, logLikelihood: -3299120.266653
[06:11:06] [worker #3] ML tree search #20, logLikelihood: -3299040.617689
[06:43:13] [worker #1] ML tree search #18, logLikelihood: -3298884.978231
[06:45:15] [worker #0] ML tree search #17, logLikelihood: -3298927.808530
[07:12:54] [worker #2] ML tree search #19, logLikelihood: -3298817.562513

[07:12:54] ML tree search completed, best tree logLH: -3298817.562513

[07:12:54] Starting bootstrapping analysis with 1000 replicates.

[08:04:16] [worker #0] Bootstrap tree #1, logLikelihood: -3300786.539173
[08:17:01] [worker #1] Bootstrap tree #2, logLikelihood: -3295373.893410
[08:18:16] [worker #3] Bootstrap tree #4, logLikelihood: -3305183.838746
[08:33:44] [worker #2] Bootstrap tree #3, logLikelihood: -3297540.718678
[09:06:14] [worker #1] Bootstrap tree #6, logLikelihood: -3301969.634589
[09:11:58] [worker #0] Bootstrap tree #5, logLikelihood: -3296684.772682
[09:14:32] [worker #3] Bootstrap tree #8, logLikelihood: -3305153.936433
[09:26:43] [worker #2] Bootstrap tree #7, logLikelihood: -3291559.129213
[09:58:54] [worker #3] Bootstrap tree #12, logLikelihood: -3293580.555310
[10:30:44] [worker #1] Bootstrap tree #10, logLikelihood: -3289098.513346
[10:41:33] [worker #0] Bootstrap tree #9, logLikelihood: -3297385.316897
[10:48:12] [worker #3] Bootstrap tree #16, logLikelihood: -3294592.083803
[11:10:31] [worker #2] Bootstrap tree #11, logLikelihood: -3301997.988432
[11:25:39] [worker #1] Bootstrap tree #14, logLikelihood: -3295712.740586
[11:32:35] [worker #0] Bootstrap tree #13, logLikelihood: -3299003.406525
[11:51:03] [worker #3] Bootstrap tree #20, logLikelihood: -3298197.327778
[12:12:19] [worker #2] Bootstrap tree #15, logLikelihood: -3296409.625271
[12:18:54] [worker #1] Bootstrap tree #18, logLikelihood: -3294091.094633
[12:30:17] [worker #0] Bootstrap tree #17, logLikelihood: -3299386.164816
[12:53:48] [worker #3] Bootstrap tree #24, logLikelihood: -3293632.667843
[13:13:06] [worker #1] Bootstrap tree #22, logLikelihood: -3298681.335058
[13:15:58] [worker #2] Bootstrap tree #19, logLikelihood: -3297669.175659
[13:43:15] [worker #3] Bootstrap tree #28, logLikelihood: -3295725.754959
[13:46:03] [worker #0] Bootstrap tree #21, logLikelihood: -3295166.291866
[14:10:44] [worker #1] Bootstrap tree #26, logLikelihood: -3292089.995694
[14:24:32] [worker #2] Bootstrap tree #23, logLikelihood: -3297639.506218
[14:54:08] [worker #3] Bootstrap tree #32, logLikelihood: -3299827.916505
[15:05:52] [worker #0] Bootstrap tree #25, logLikelihood: -3297002.848789
[15:54:47] [worker #1] Bootstrap tree #30, logLikelihood: -3296934.003840
[16:11:56] [worker #3] Bootstrap tree #36, logLikelihood: -3295936.643459
[16:14:27] [worker #2] Bootstrap tree #27, logLikelihood: -3297662.113873
[16:57:02] [worker #0] Bootstrap tree #29, logLikelihood: -3299041.038845
[17:02:33] [worker #1] Bootstrap tree #34, logLikelihood: -3296466.997470
[17:12:58] [worker #3] Bootstrap tree #40, logLikelihood: -3298969.428283
[18:10:11] [worker #2] Bootstrap tree #31, logLikelihood: -3304597.967253
[18:57:56] [worker #1] Bootstrap tree #38, logLikelihood: -3294536.844849
[19:09:12] [worker #0] Bootstrap tree #33, logLikelihood: -3297410.226755
[19:49:35] [worker #3] Bootstrap tree #44, logLikelihood: -3303274.108533
[19:53:10] [worker #2] Bootstrap tree #35, logLikelihood: -3301721.422917
[20:15:37] [worker #0] Bootstrap tree #37, logLikelihood: -3301079.594597
[20:17:19] [worker #1] Bootstrap tree #42, logLikelihood: -3293174.076767
[20:35:48] [worker #2] Bootstrap tree #39, logLikelihood: -3297703.933724
[20:44:39] [worker #3] Bootstrap tree #48, logLikelihood: -3296345.146442
[21:00:18] [worker #1] Bootstrap tree #46, logLikelihood: -3299185.909878
[21:09:36] [worker #0] Bootstrap tree #41, logLikelihood: -3301131.992626
[21:50:56] [worker #1] Bootstrap tree #50, logLikelihood: -3292180.283949
[21:59:43] [worker #0] Bootstrap tree #45, logLikelihood: -3297724.257300
[22:03:43] [worker #2] Bootstrap tree #43, logLikelihood: -3295245.273526
[22:49:45] [worker #0] Bootstrap tree #49, logLikelihood: -3287024.734297
[23:00:06] [worker #2] Bootstrap tree #47, logLikelihood: -3297650.466721
[24:07:34] [worker #2] Bootstrap tree #51, logLikelihood: -3309808.805426
[24:10:04] [worker #0] Bootstrap tree #53, logLikelihood: -3300898.155933
[24:26:44] [worker #3] Bootstrap tree #52, logLikelihood: -3296224.690355
[24:49:30] [worker #1] Bootstrap tree #54, logLikelihood: -3306009.666004
[25:30:20] [worker #2] Bootstrap tree #55, logLikelihood: -3298286.678391
[25:51:01] [worker #0] Bootstrap tree #57, logLikelihood: -3306528.026852
[26:04:35] [worker #1] Bootstrap tree #58, logLikelihood: -3294655.030698
[26:12:11] [worker #3] Bootstrap tree #56, logLikelihood: -3292859.302040
[26:59:06] [worker #2] Bootstrap tree #59, logLikelihood: -3295215.438840
[27:09:23] [worker #0] Bootstrap tree #61, logLikelihood: -3289108.101185
[27:23:49] [worker #3] Bootstrap tree #60, logLikelihood: -3302114.697079
[27:24:39] [worker #1] Bootstrap tree #62, logLikelihood: -3291131.337162
[27:50:41] [worker #2] Bootstrap tree #63, logLikelihood: -3292835.654914
[28:13:07] [worker #0] Bootstrap tree #65, logLikelihood: -3297310.597837
[28:33:14] [worker #1] Bootstrap tree #66, logLikelihood: -3293575.049768
[28:40:53] [worker #3] Bootstrap tree #64, logLikelihood: -3305459.724359
[29:18:12] [worker #2] Bootstrap tree #67, logLikelihood: -3294642.846601
[29:44:36] [worker #0] Bootstrap tree #69, logLikelihood: -3293823.465685
[29:54:18] [worker #1] Bootstrap tree #70, logLikelihood: -3297805.579912
[30:52:24] [worker #3] Bootstrap tree #68, logLikelihood: -3290902.795026
[31:37:33] [worker #2] Bootstrap tree #71, logLikelihood: -3298529.430265
[32:00:14] [worker #0] Bootstrap tree #73, logLikelihood: -3290028.333653
[32:14:31] [worker #1] Bootstrap tree #74, logLikelihood: -3304523.303456
[32:29:04] [worker #3] Bootstrap tree #72, logLikelihood: -3296759.305719
[33:14:12] [worker #2] Bootstrap tree #75, logLikelihood: -3293985.714401
[33:16:03] [worker #0] Bootstrap tree #77, logLikelihood: -3295516.972923
[33:23:02] [worker #1] Bootstrap tree #78, logLikelihood: -3293495.365038
[33:49:30] [worker #3] Bootstrap tree #76, logLikelihood: -3304987.268520
[34:08:23] [worker #0] Bootstrap tree #81, logLikelihood: -3291081.953130
[34:21:45] [worker #1] Bootstrap tree #82, logLikelihood: -3293741.823645
[34:36:03] [worker #2] Bootstrap tree #79, logLikelihood: -3300274.140209
[34:54:42] [worker #3] Bootstrap tree #80, logLikelihood: -3305289.742792
[35:14:29] [worker #2] Bootstrap tree #83, logLikelihood: -3297279.240287
[35:24:24] [worker #0] Bootstrap tree #85, logLikelihood: -3303167.274955
[35:30:44] [worker #1] Bootstrap tree #86, logLikelihood: -3301169.383814
[36:05:49] [worker #2] Bootstrap tree #87, logLikelihood: -3300534.998292
[36:07:51] [worker #3] Bootstrap tree #84, logLikelihood: -3293270.004557
[36:32:19] [worker #0] Bootstrap tree #89, logLikelihood: -3299597.512451
[36:46:54] [worker #1] Bootstrap tree #90, logLikelihood: -3296777.019680
[37:12:04] [worker #3] Bootstrap tree #88, logLikelihood: -3297211.652724
[37:25:22] [worker #2] Bootstrap tree #91, logLikelihood: -3302309.348937
[37:54:45] [worker #0] Bootstrap tree #93, logLikelihood: -3303066.072866
[38:24:15] [worker #3] Bootstrap tree #92, logLikelihood: -3298281.579771
[38:26:01] [worker #1] Bootstrap tree #94, logLikelihood: -3295031.885030
[38:26:51] [worker #2] Bootstrap tree #95, logLikelihood: -3298638.153589
[38:31:11] [worker #0] Bootstrap tree #97, logLikelihood: -3300202.110891
[39:22:05] [worker #2] Bootstrap tree #99, logLikelihood: -3294514.925312
[39:22:58] [worker #3] Bootstrap tree #96, logLikelihood: -3299053.358143
[39:23:14] [worker #1] Bootstrap tree #98, logLikelihood: -3290576.695924
[40:06:27] [worker #3] Bootstrap tree #100, logLikelihood: -3294947.068329
[40:44:14] [worker #3] Bootstrap tree #104, logLikelihood: -3292605.453336
[41:02:49] [worker #1] Bootstrap tree #102, logLikelihood: -3297860.782191
[41:17:23] [worker #2] Bootstrap tree #103, logLikelihood: -3299121.587783
[41:23:48] [worker #0] Bootstrap tree #101, logLikelihood: -3300684.953515
[41:53:33] [worker #3] Bootstrap tree #108, logLikelihood: -3286059.500989
[42:03:49] [worker #2] Bootstrap tree #107, logLikelihood: -3298195.630932
[42:23:44] [worker #1] Bootstrap tree #106, logLikelihood: -3299140.022960
[42:32:33] [worker #0] Bootstrap tree #105, logLikelihood: -3286117.305248
[43:08:42] [worker #2] Bootstrap tree #111, logLikelihood: -3305078.327245
[43:46:34] [worker #0] Bootstrap tree #109, logLikelihood: -3297543.297306
[43:51:59] [worker #3] Bootstrap tree #112, logLikelihood: -3296374.139498
[43:52:24] [worker #1] Bootstrap tree #110, logLikelihood: -3299308.414964
[44:32:23] [worker #2] Bootstrap tree #115, logLikelihood: -3304113.354850
[45:04:37] [worker #3] Bootstrap tree #116, logLikelihood: -3302114.254153
[45:14:24] [worker #1] Bootstrap tree #114, logLikelihood: -3294277.272830
[45:15:30] [worker #0] Bootstrap tree #113, logLikelihood: -3296497.604423
[45:57:01] [worker #3] Bootstrap tree #120, logLikelihood: -3294975.519940
[46:01:26] [worker #2] Bootstrap tree #119, logLikelihood: -3298393.575500
[46:13:42] [worker #0] Bootstrap tree #117, logLikelihood: -3296248.380738
[46:28:32] [worker #1] Bootstrap tree #118, logLikelihood: -3298752.949917
[47:10:28] [worker #2] Bootstrap tree #123, logLikelihood: -3295813.936314
[47:13:22] [worker #3] Bootstrap tree #124, logLikelihood: -3296320.268593
[47:41:14] [worker #0] Bootstrap tree #121, logLikelihood: -3305405.386570
[47:44:54] [worker #1] Bootstrap tree #122, logLikelihood: -3295862.899468
[48:12:18] [worker #2] Bootstrap tree #127, logLikelihood: -3302830.347078
[48:15:25] [worker #3] Bootstrap tree #128, logLikelihood: -3298130.738014
[49:11:07] [worker #1] Bootstrap tree #126, logLikelihood: -3297595.505320
[49:41:40] [worker #3] Bootstrap tree #132, logLikelihood: -3296656.728743
[49:46:12] [worker #2] Bootstrap tree #131, logLikelihood: -3296902.225855
[50:11:56] [worker #0] Bootstrap tree #125, logLikelihood: -3297526.146299
[50:36:31] [worker #2] Bootstrap tree #135, logLikelihood: -3295787.524343
[50:48:34] [worker #1] Bootstrap tree #130, logLikelihood: -3292706.277232
[51:04:36] [worker #3] Bootstrap tree #136, logLikelihood: -3294737.477997
[51:24:01] [worker #0] Bootstrap tree #129, logLikelihood: -3298167.458941
[51:50:09] [worker #1] Bootstrap tree #134, logLikelihood: -3304733.314840
[52:03:21] [worker #2] Bootstrap tree #139, logLikelihood: -3294704.846731
[52:24:13] [worker #0] Bootstrap tree #133, logLikelihood: -3293189.667891
[52:34:49] [worker #3] Bootstrap tree #140, logLikelihood: -3296829.438302
[53:12:58] [worker #1] Bootstrap tree #138, logLikelihood: -3299986.321120
[53:56:42] [worker #2] Bootstrap tree #143, logLikelihood: -3300195.713631
[54:04:10] [worker #0] Bootstrap tree #137, logLikelihood: -3303658.031025
[55:06:46] [worker #3] Bootstrap tree #144, logLikelihood: -3297135.898219
[55:11:05] [worker #1] Bootstrap tree #142, logLikelihood: -3297829.122963
[55:30:49] [worker #0] Bootstrap tree #141, logLikelihood: -3290600.012037
[55:40:47] [worker #2] Bootstrap tree #147, logLikelihood: -3290710.531370
[55:55:36] [worker #3] Bootstrap tree #148, logLikelihood: -3293185.538262
[56:21:28] [worker #1] Bootstrap tree #146, logLikelihood: -3302208.138592
[56:49:55] [worker #0] Bootstrap tree #145, logLikelihood: -3301438.639611
[57:20:25] [worker #1] Bootstrap tree #150, logLikelihood: -3298633.072051
[57:59:27] [worker #0] Bootstrap tree #149, logLikelihood: -3300343.232158
[59:35:15] [worker #1] Bootstrap tree #154, logLikelihood: -3296570.536752
[59:37:53] [worker #2] Bootstrap tree #151, logLikelihood: -3300720.262473
[59:38:32] [worker #3] Bootstrap tree #152, logLikelihood: -3296703.965910
[59:48:52] [worker #0] Bootstrap tree #153, logLikelihood: -3306506.533143
[61:01:36] [worker #3] Bootstrap tree #156, logLikelihood: -3294690.274049
[61:07:54] [worker #1] Bootstrap tree #158, logLikelihood: -3298282.978684
[61:11:35] [worker #0] Bootstrap tree #157, logLikelihood: -3294611.553098
[61:14:49] [worker #2] Bootstrap tree #155, logLikelihood: -3301076.623254
[62:44:38] [worker #1] Bootstrap tree #162, logLikelihood: -3291901.864837
[62:48:41] [worker #0] Bootstrap tree #161, logLikelihood: -3294142.313340
[63:01:48] [worker #2] Bootstrap tree #159, logLikelihood: -3297894.688389
[63:08:07] [worker #3] Bootstrap tree #160, logLikelihood: -3294298.333429
[64:10:25] [worker #0] Bootstrap tree #165, logLikelihood: -3296465.226075
[64:20:44] [worker #2] Bootstrap tree #163, logLikelihood: -3295737.019858
[64:24:58] [worker #1] Bootstrap tree #166, logLikelihood: -3300445.723026
[64:33:57] [worker #3] Bootstrap tree #164, logLikelihood: -3300943.629853
[65:35:05] [worker #0] Bootstrap tree #169, logLikelihood: -3293021.586515
[65:44:39] [worker #1] Bootstrap tree #170, logLikelihood: -3299377.465724
[65:45:01] [worker #3] Bootstrap tree #168, logLikelihood: -3299900.823684
[65:59:07] [worker #2] Bootstrap tree #167, logLikelihood: -3299433.012620
[66:37:35] [worker #1] Bootstrap tree #174, logLikelihood: -3298173.114119
[66:51:48] [worker #0] Bootstrap tree #173, logLikelihood: -3304935.229220
[67:15:39] [worker #3] Bootstrap tree #172, logLikelihood: -3298947.678277
[67:31:59] [worker #2] Bootstrap tree #171, logLikelihood: -3301423.683214
[67:58:30] [worker #0] Bootstrap tree #177, logLikelihood: -3301930.943840
[68:02:40] [worker #3] Bootstrap tree #176, logLikelihood: -3298701.877819
[68:08:02] [worker #1] Bootstrap tree #178, logLikelihood: -3295646.450274
[68:18:18] [worker #2] Bootstrap tree #175, logLikelihood: -3295484.526232
[69:11:48] [worker #1] Bootstrap tree #182, logLikelihood: -3291585.572469
[69:12:35] [worker #3] Bootstrap tree #180, logLikelihood: -3293211.898973
[69:30:09] [worker #2] Bootstrap tree #179, logLikelihood: -3294204.304626
[69:59:41] [worker #3] Bootstrap tree #184, logLikelihood: -3298144.150569
[70:12:40] [worker #0] Bootstrap tree #181, logLikelihood: -3293361.148701
[70:26:34] [worker #1] Bootstrap tree #186, logLikelihood: -3293604.442691
[70:58:21] [worker #2] Bootstrap tree #183, logLikelihood: -3295812.217948
[71:11:08] [worker #3] Bootstrap tree #188, logLikelihood: -3300057.611346
[71:30:32] [worker #0] Bootstrap tree #185, logLikelihood: -3302174.788766
[71:50:21] [worker #1] Bootstrap tree #190, logLikelihood: -3298506.155705
[72:07:17] [worker #2] Bootstrap tree #187, logLikelihood: -3295769.036702
[72:28:24] [worker #3] Bootstrap tree #192, logLikelihood: -3305143.107666
[72:52:49] [worker #1] Bootstrap tree #194, logLikelihood: -3299350.773556
[72:53:56] [worker #2] Bootstrap tree #191, logLikelihood: -3303229.673565
[72:58:10] [worker #0] Bootstrap tree #189, logLikelihood: -3298867.468053
[73:49:27] [worker #3] Bootstrap tree #196, logLikelihood: -3298626.947545
[74:00:37] [worker #1] Bootstrap tree #198, logLikelihood: -3301031.101181
[74:05:30] [worker #0] Bootstrap tree #193, logLikelihood: -3299470.792635
[74:13:07] [worker #2] Bootstrap tree #195, logLikelihood: -3296286.214815
[74:52:11] [worker #3] Bootstrap tree #200, logLikelihood: -3297692.104761
[75:12:40] [worker #2] Bootstrap tree #199, logLikelihood: -3298722.496055
[75:17:58] [worker #0] Bootstrap tree #197, logLikelihood: -3301378.310896
[76:40:23] [worker #1] Bootstrap tree #202, logLikelihood: -3287341.926001
[76:54:59] [worker #2] Bootstrap tree #203, logLikelihood: -3295582.017159
[77:04:22] [worker #3] Bootstrap tree #204, logLikelihood: -3295168.005719
[77:13:22] [worker #0] Bootstrap tree #201, logLikelihood: -3295551.564600
[78:20:25] [worker #1] Bootstrap tree #206, logLikelihood: -3293253.743177
[78:26:43] [worker #2] Bootstrap tree #207, logLikelihood: -3300295.627862
[78:36:30] [worker #0] Bootstrap tree #205, logLikelihood: -3300037.866459
[78:47:55] [worker #3] Bootstrap tree #208, logLikelihood: -3299121.713281
[79:50:59] [worker #2] Bootstrap tree #211, logLikelihood: -3301837.975636
[79:58:09] [worker #1] Bootstrap tree #210, logLikelihood: -3298389.751312
[80:01:22] [worker #0] Bootstrap tree #209, logLikelihood: -3291823.519370
[80:08:05] [worker #3] Bootstrap tree #212, logLikelihood: -3296637.288433
[81:17:53] [worker #2] Bootstrap tree #215, logLikelihood: -3296839.721192
[81:31:53] [worker #1] Bootstrap tree #214, logLikelihood: -3295371.917984
[81:32:27] [worker #0] Bootstrap tree #213, logLikelihood: -3304468.347755
[82:29:37] [worker #3] Bootstrap tree #216, logLikelihood: -3298836.409776
[82:48:36] [worker #1] Bootstrap tree #218, logLikelihood: -3287318.244677
[83:01:55] [worker #2] Bootstrap tree #219, logLikelihood: -3302906.267039
[83:05:08] [worker #0] Bootstrap tree #217, logLikelihood: -3297792.208042
[83:42:00] [worker #3] Bootstrap tree #220, logLikelihood: -3294019.558023
[84:21:15] [worker #1] Bootstrap tree #222, logLikelihood: -3298570.460626
[84:38:16] [worker #2] Bootstrap tree #223, logLikelihood: -3302600.699927
[84:56:59] [worker #0] Bootstrap tree #221, logLikelihood: -3298178.165615
[85:11:20] [worker #3] Bootstrap tree #224, logLikelihood: -3294353.345034
[85:51:04] [worker #1] Bootstrap tree #226, logLikelihood: -3301595.769296
[85:54:40] [worker #2] Bootstrap tree #227, logLikelihood: -3298675.561590
[86:14:58] [worker #3] Bootstrap tree #228, logLikelihood: -3304310.159897
[86:16:26] [worker #0] Bootstrap tree #225, logLikelihood: -3294139.476474
[87:06:31] [worker #2] Bootstrap tree #231, logLikelihood: -3301611.846399
[87:13:04] [worker #1] Bootstrap tree #230, logLikelihood: -3301313.651298
[87:40:51] [worker #3] Bootstrap tree #232, logLikelihood: -3291712.473170
[88:04:17] [worker #1] Bootstrap tree #234, logLikelihood: -3291589.711936
[88:14:11] [worker #0] Bootstrap tree #229, logLikelihood: -3301752.882573
[88:23:24] [worker #2] Bootstrap tree #235, logLikelihood: -3303111.860202
[88:39:30] [worker #3] Bootstrap tree #236, logLikelihood: -3305371.531514
[89:12:58] [worker #2] Bootstrap tree #239, logLikelihood: -3288689.314315
[89:22:34] [worker #0] Bootstrap tree #233, logLikelihood: -3292954.732075
[89:25:02] [worker #1] Bootstrap tree #238, logLikelihood: -3303471.431627
[89:58:29] [worker #3] Bootstrap tree #240, logLikelihood: -3297390.529125
[90:17:48] [worker #0] Bootstrap tree #237, logLikelihood: -3300349.374330
[90:29:12] [worker #2] Bootstrap tree #243, logLikelihood: -3295336.222943
[90:41:03] [worker #1] Bootstrap tree #242, logLikelihood: -3304252.231773
[90:51:16] [worker #3] Bootstrap tree #244, logLikelihood: -3292684.303442
[91:12:03] [worker #0] Bootstrap tree #241, logLikelihood: -3287302.617660
[91:19:22] [worker #2] Bootstrap tree #247, logLikelihood: -3292180.974293
[91:34:23] [worker #1] Bootstrap tree #246, logLikelihood: -3302355.943892
[92:00:57] [worker #0] Bootstrap tree #245, logLikelihood: -3300973.516195
[92:02:06] [worker #3] Bootstrap tree #248, logLikelihood: -3293951.010266
[92:37:30] [worker #1] Bootstrap tree #250, logLikelihood: -3298954.804598
[93:00:11] [worker #0] Bootstrap tree #249, logLikelihood: -3295280.030133
[94:01:06] [worker #0] Bootstrap tree #253, logLikelihood: -3295192.197270
[94:20:54] [worker #2] Bootstrap tree #251, logLikelihood: -3301303.088128
[94:32:30] [worker #1] Bootstrap tree #254, logLikelihood: -3298139.149260
[94:49:30] [worker #3] Bootstrap tree #252, logLikelihood: -3299742.951043
[95:09:07] [worker #0] Bootstrap tree #257, logLikelihood: -3294383.951295
[95:09:35] [worker #2] Bootstrap tree #255, logLikelihood: -3300134.921006
[95:17:32] [worker #1] Bootstrap tree #258, logLikelihood: -3296569.681567
[95:33:40] [worker #3] Bootstrap tree #256, logLikelihood: -3294797.237108
[95:47:42] [worker #0] Bootstrap tree #261, logLikelihood: -3294606.741243
[96:12:14] [worker #2] Bootstrap tree #259, logLikelihood: -3297799.641597
[96:15:20] [worker #1] Bootstrap tree #262, logLikelihood: -3300752.639604
[96:52:25] [worker #3] Bootstrap tree #260, logLikelihood: -3292595.516667
[97:28:34] [worker #2] Bootstrap tree #263, logLikelihood: -3295090.552066
[97:29:42] [worker #0] Bootstrap tree #265, logLikelihood: -3301190.477829
[97:38:02] [worker #1] Bootstrap tree #266, logLikelihood: -3292268.685526
[98:20:10] [worker #3] Bootstrap tree #264, logLikelihood: -3293875.809241
[98:25:50] [worker #0] Bootstrap tree #269, logLikelihood: -3294415.653411
[98:37:09] [worker #2] Bootstrap tree #267, logLikelihood: -3301350.405252
[98:57:52] [worker #1] Bootstrap tree #270, logLikelihood: -3293717.025293
[99:28:11] [worker #0] Bootstrap tree #273, logLikelihood: -3302169.022058
[99:34:22] [worker #3] Bootstrap tree #268, logLikelihood: -3301404.176405
[99:50:55] [worker #2] Bootstrap tree #271, logLikelihood: -3298002.430243
[100:13:16] [worker #1] Bootstrap tree #274, logLikelihood: -3303620.448234
[100:26:33] [worker #0] Bootstrap tree #277, logLikelihood: -3291100.800889
[100:41:31] [worker #2] Bootstrap tree #275, logLikelihood: -3298582.704233
[100:49:33] [worker #3] Bootstrap tree #272, logLikelihood: -3298668.267701
[101:15:34] [worker #1] Bootstrap tree #278, logLikelihood: -3291811.278778
[101:45:04] [worker #2] Bootstrap tree #279, logLikelihood: -3300314.093239
[101:48:23] [worker #0] Bootstrap tree #281, logLikelihood: -3295485.434382
[101:52:53] [worker #3] Bootstrap tree #276, logLikelihood: -3300586.198327
[102:37:57] [worker #2] Bootstrap tree #283, logLikelihood: -3300968.728157
[102:39:42] [worker #0] Bootstrap tree #285, logLikelihood: -3296808.800084
[102:44:08] [worker #3] Bootstrap tree #280, logLikelihood: -3302167.647267
[102:46:31] [worker #1] Bootstrap tree #282, logLikelihood: -3300635.727996
[103:37:35] [worker #2] Bootstrap tree #287, logLikelihood: -3298676.951302
[103:42:21] [worker #1] Bootstrap tree #286, logLikelihood: -3290363.470166
[103:51:21] [worker #3] Bootstrap tree #284, logLikelihood: -3292780.879476
[103:57:20] [worker #0] Bootstrap tree #289, logLikelihood: -3301791.064618
[104:45:51] [worker #2] Bootstrap tree #291, logLikelihood: -3293474.358374
[105:03:42] [worker #1] Bootstrap tree #290, logLikelihood: -3307413.776013
[105:11:59] [worker #0] Bootstrap tree #293, logLikelihood: -3303064.043860
[105:23:22] [worker #3] Bootstrap tree #288, logLikelihood: -3293070.370136
[106:45:41] [worker #2] Bootstrap tree #295, logLikelihood: -3295980.750294
[106:52:09] [worker #1] Bootstrap tree #294, logLikelihood: -3298507.758364
[106:54:28] [worker #0] Bootstrap tree #297, logLikelihood: -3301224.577035
[106:59:59] [worker #3] Bootstrap tree #292, logLikelihood: -3294252.133311
[107:36:12] [worker #2] Bootstrap tree #299, logLikelihood: -3304156.829743
[107:49:12] [worker #1] Bootstrap tree #298, logLikelihood: -3297289.385479
[107:51:09] [worker #3] Bootstrap tree #296, logLikelihood: -3299521.678033
[109:02:15] [worker #3] Bootstrap tree #300, logLikelihood: -3289121.064344
[110:31:00] [worker #0] Bootstrap tree #301, logLikelihood: -3296029.141214
[110:45:53] [worker #3] Bootstrap tree #304, logLikelihood: -3295671.231589
[110:49:08] [worker #2] Bootstrap tree #303, logLikelihood: -3296135.528429
[110:55:50] [worker #1] Bootstrap tree #302, logLikelihood: -3290476.851680
[112:09:36] [worker #3] Bootstrap tree #308, logLikelihood: -3291810.421480
[112:17:15] [worker #2] Bootstrap tree #307, logLikelihood: -3301100.433404
[112:42:15] [worker #1] Bootstrap tree #306, logLikelihood: -3295079.443306
[112:49:37] [worker #0] Bootstrap tree #305, logLikelihood: -3292087.855604
[113:20:49] [worker #3] Bootstrap tree #312, logLikelihood: -3294521.103572
[114:09:54] [worker #1] Bootstrap tree #310, logLikelihood: -3292654.284045
[114:46:56] [worker #2] Bootstrap tree #311, logLikelihood: -3292926.673304
[114:47:01] [worker #3] Bootstrap tree #316, logLikelihood: -3301182.745152
[115:15:50] [worker #0] Bootstrap tree #309, logLikelihood: -3297018.500155
[115:44:05] [worker #1] Bootstrap tree #314, logLikelihood: -3298375.990013
[116:29:29] [worker #0] Bootstrap tree #313, logLikelihood: -3294911.259181
[116:39:29] [worker #3] Bootstrap tree #320, logLikelihood: -3297522.728679
[116:46:19] [worker #2] Bootstrap tree #315, logLikelihood: -3295919.268488
[117:01:43] [worker #1] Bootstrap tree #318, logLikelihood: -3300167.123122
[117:35:45] [worker #0] Bootstrap tree #317, logLikelihood: -3290987.548901
[118:08:11] [worker #3] Bootstrap tree #324, logLikelihood: -3297175.370473
[118:17:54] [worker #1] Bootstrap tree #322, logLikelihood: -3291671.269731
[118:23:40] [worker #2] Bootstrap tree #319, logLikelihood: -3301778.581233
[119:08:57] [worker #0] Bootstrap tree #321, logLikelihood: -3302215.349671
[119:41:01] [worker #1] Bootstrap tree #326, logLikelihood: -3300140.435764
[120:00:44] [worker #2] Bootstrap tree #323, logLikelihood: -3301864.952989
[120:16:24] [worker #3] Bootstrap tree #328, logLikelihood: -3291583.748088
[120:28:15] [worker #0] Bootstrap tree #325, logLikelihood: -3303992.927015
[120:44:51] [worker #1] Bootstrap tree #330, logLikelihood: -3299150.152980
[120:51:55] [worker #2] Bootstrap tree #327, logLikelihood: -3297926.866774
[121:12:48] [worker #3] Bootstrap tree #332, logLikelihood: -3298437.771167
[121:21:12] [worker #0] Bootstrap tree #329, logLikelihood: -3298581.014102
[121:45:26] [worker #1] Bootstrap tree #334, logLikelihood: -3299861.959543
[122:00:47] [worker #2] Bootstrap tree #331, logLikelihood: -3287537.878212
[122:18:35] [worker #3] Bootstrap tree #336, logLikelihood: -3311740.632771
[122:31:04] [worker #0] Bootstrap tree #333, logLikelihood: -3297296.020895
[122:51:02] [worker #2] Bootstrap tree #335, logLikelihood: -3298234.722806
[123:02:02] [worker #1] Bootstrap tree #338, logLikelihood: -3299800.687367
[123:21:08] [worker #3] Bootstrap tree #340, logLikelihood: -3299253.256887
[123:40:40] [worker #0] Bootstrap tree #337, logLikelihood: -3296972.540494
[124:01:05] [worker #1] Bootstrap tree #342, logLikelihood: -3295824.237075
[124:29:46] [worker #3] Bootstrap tree #344, logLikelihood: -3298268.085800
[124:46:40] [worker #2] Bootstrap tree #339, logLikelihood: -3289077.101231
[124:54:45] [worker #0] Bootstrap tree #341, logLikelihood: -3301086.222192
[125:24:57] [worker #1] Bootstrap tree #346, logLikelihood: -3300279.360477
[125:54:46] [worker #3] Bootstrap tree #348, logLikelihood: -3298282.649877
[126:00:30] [worker #0] Bootstrap tree #345, logLikelihood: -3293553.986881
[126:21:33] [worker #2] Bootstrap tree #343, logLikelihood: -3298759.323396
[126:41:48] [worker #1] Bootstrap tree #350, logLikelihood: -3309482.081884
[127:24:11] [worker #0] Bootstrap tree #349, logLikelihood: -3295407.880983
[127:40:29] [worker #2] Bootstrap tree #347, logLikelihood: -3298905.522463
[128:45:23] [worker #0] Bootstrap tree #353, logLikelihood: -3295227.954793
[129:20:27] [worker #3] Bootstrap tree #352, logLikelihood: -3293995.045283
[129:25:19] [worker #1] Bootstrap tree #354, logLikelihood: -3295373.267853
[129:28:54] [worker #2] Bootstrap tree #351, logLikelihood: -3305355.223431
[130:17:39] [worker #3] Bootstrap tree #356, logLikelihood: -3295681.706412
[130:23:17] [worker #0] Bootstrap tree #357, logLikelihood: -3299952.454973
[130:30:11] [worker #1] Bootstrap tree #358, logLikelihood: -3296176.217551
[130:31:48] [worker #2] Bootstrap tree #355, logLikelihood: -3294544.706877
[131:20:50] [worker #3] Bootstrap tree #360, logLikelihood: -3294923.613759
[131:26:50] [worker #0] Bootstrap tree #361, logLikelihood: -3295649.371323
[131:37:38] [worker #2] Bootstrap tree #359, logLikelihood: -3290802.105479
[132:00:05] [worker #1] Bootstrap tree #362, logLikelihood: -3293692.251780
[132:19:10] [worker #3] Bootstrap tree #364, logLikelihood: -3291311.853362
[132:26:29] [worker #0] Bootstrap tree #365, logLikelihood: -3306460.879537
[132:42:47] [worker #2] Bootstrap tree #363, logLikelihood: -3294119.799469
[132:46:45] [worker #1] Bootstrap tree #366, logLikelihood: -3300873.139764
[133:12:54] [worker #3] Bootstrap tree #368, logLikelihood: -3302649.735099
[133:39:20] [worker #1] Bootstrap tree #370, logLikelihood: -3293277.784332
[133:40:30] [worker #0] Bootstrap tree #369, logLikelihood: -3294776.018817
[133:44:59] [worker #2] Bootstrap tree #367, logLikelihood: -3299171.712425
[134:15:18] [worker #3] Bootstrap tree #372, logLikelihood: -3291819.336344
[134:38:30] [worker #1] Bootstrap tree #374, logLikelihood: -3302174.456393
[134:44:17] [worker #0] Bootstrap tree #373, logLikelihood: -3301859.015463
[135:18:03] [worker #3] Bootstrap tree #376, logLikelihood: -3303683.180766
[135:26:12] [worker #2] Bootstrap tree #371, logLikelihood: -3293885.243576
[135:46:21] [worker #0] Bootstrap tree #377, logLikelihood: -3294277.959477
[135:50:31] [worker #1] Bootstrap tree #378, logLikelihood: -3299134.848552
[136:12:07] [worker #2] Bootstrap tree #375, logLikelihood: -3299743.342624
[136:27:18] [worker #3] Bootstrap tree #380, logLikelihood: -3294584.950438
[136:49:16] [worker #1] Bootstrap tree #382, logLikelihood: -3299367.897389
[137:11:19] [worker #0] Bootstrap tree #381, logLikelihood: -3295238.289263
[137:27:46] [worker #3] Bootstrap tree #384, logLikelihood: -3298358.879191
[137:39:51] [worker #2] Bootstrap tree #379, logLikelihood: -3304104.225315
[138:02:22] [worker #1] Bootstrap tree #386, logLikelihood: -3304727.347483
[138:11:59] [worker #0] Bootstrap tree #385, logLikelihood: -3301272.707592
[138:42:43] [worker #2] Bootstrap tree #383, logLikelihood: -3287867.398544
[138:49:22] [worker #3] Bootstrap tree #388, logLikelihood: -3305150.716545
[139:03:35] [worker #1] Bootstrap tree #390, logLikelihood: -3299589.921380
[139:18:16] [worker #0] Bootstrap tree #389, logLikelihood: -3299165.324170
[139:36:54] [worker #3] Bootstrap tree #392, logLikelihood: -3298876.281808
[139:51:32] [worker #2] Bootstrap tree #387, logLikelihood: -3303424.303489
[139:53:27] [worker #1] Bootstrap tree #394, logLikelihood: -3292658.090933
[140:36:51] [worker #0] Bootstrap tree #393, logLikelihood: -3285609.994086
[140:43:27] [worker #3] Bootstrap tree #396, logLikelihood: -3300587.992767
[140:49:28] [worker #1] Bootstrap tree #398, logLikelihood: -3299856.309484
[140:59:43] [worker #2] Bootstrap tree #391, logLikelihood: -3296789.093155
[141:36:34] [worker #3] Bootstrap tree #400, logLikelihood: -3301107.345786
[141:50:28] [worker #2] Bootstrap tree #395, logLikelihood: -3299675.208870
[141:56:08] [worker #0] Bootstrap tree #397, logLikelihood: -3294657.238178
[142:47:14] [worker #2] Bootstrap tree #399, logLikelihood: -3302749.015626
[143:36:02] [worker #3] Bootstrap tree #404, logLikelihood: -3299395.321419
[143:41:11] [worker #0] Bootstrap tree #401, logLikelihood: -3300818.355545
[143:59:57] [worker #1] Bootstrap tree #402, logLikelihood: -3288775.018186
[144:03:12] [worker #2] Bootstrap tree #403, logLikelihood: -3295653.140249
[144:35:46] [worker #3] Bootstrap tree #408, logLikelihood: -3290582.910019
[144:49:36] [worker #0] Bootstrap tree #405, logLikelihood: -3302316.374008
[144:55:32] [worker #2] Bootstrap tree #407, logLikelihood: -3293709.228719
[145:12:31] [worker #1] Bootstrap tree #406, logLikelihood: -3298733.799145
[145:30:34] [worker #3] Bootstrap tree #412, logLikelihood: -3292635.488672
[145:45:29] [worker #0] Bootstrap tree #409, logLikelihood: -3290684.077136
[146:01:34] [worker #2] Bootstrap tree #411, logLikelihood: -3305972.977401
[146:22:27] [worker #1] Bootstrap tree #410, logLikelihood: -3289516.389321
[146:45:44] [worker #0] Bootstrap tree #413, logLikelihood: -3292612.819767
[146:49:55] [worker #3] Bootstrap tree #416, logLikelihood: -3301549.980404
[147:36:38] [worker #2] Bootstrap tree #415, logLikelihood: -3303729.884930
[147:50:06] [worker #3] Bootstrap tree #420, logLikelihood: -3302307.265479
[147:51:40] [worker #0] Bootstrap tree #417, logLikelihood: -3303385.835910
[147:54:22] [worker #1] Bootstrap tree #414, logLikelihood: -3294095.099203
[148:26:20] [worker #2] Bootstrap tree #419, logLikelihood: -3299225.584505
[148:43:03] [worker #1] Bootstrap tree #418, logLikelihood: -3295007.833826
[148:54:51] [worker #3] Bootstrap tree #424, logLikelihood: -3292515.293995
[148:58:22] [worker #0] Bootstrap tree #421, logLikelihood: -3296151.660473
[149:46:29] [worker #2] Bootstrap tree #423, logLikelihood: -3292680.449135
[150:05:00] [worker #1] Bootstrap tree #422, logLikelihood: -3307667.588087
[150:17:10] [worker #3] Bootstrap tree #428, logLikelihood: -3298940.525430
[150:40:45] [worker #2] Bootstrap tree #427, logLikelihood: -3299645.109858
[150:45:31] [worker #0] Bootstrap tree #425, logLikelihood: -3297805.088651
[151:23:04] [worker #1] Bootstrap tree #426, logLikelihood: -3297183.998061
[151:28:12] [worker #3] Bootstrap tree #432, logLikelihood: -3292776.666479
[151:39:39] [worker #2] Bootstrap tree #431, logLikelihood: -3303914.101469
[152:11:53] [worker #0] Bootstrap tree #429, logLikelihood: -3303905.418924
[152:23:40] [worker #1] Bootstrap tree #430, logLikelihood: -3280734.519955
[152:29:44] [worker #2] Bootstrap tree #435, logLikelihood: -3299936.192142
[152:44:11] [worker #3] Bootstrap tree #436, logLikelihood: -3288881.099112
[153:10:57] [worker #0] Bootstrap tree #433, logLikelihood: -3298067.026057
[153:26:43] [worker #1] Bootstrap tree #434, logLikelihood: -3298214.123233
[153:35:35] [worker #3] Bootstrap tree #440, logLikelihood: -3300884.339352
[153:49:19] [worker #2] Bootstrap tree #439, logLikelihood: -3296145.664162
[154:15:46] [worker #0] Bootstrap tree #437, logLikelihood: -3293970.260170
[154:30:04] [worker #1] Bootstrap tree #438, logLikelihood: -3294950.489856
[154:31:17] [worker #3] Bootstrap tree #444, logLikelihood: -3289340.351836
[154:56:48] [worker #2] Bootstrap tree #443, logLikelihood: -3293379.985608
[155:29:51] [worker #0] Bootstrap tree #441, logLikelihood: -3305785.699883
[155:44:15] [worker #1] Bootstrap tree #442, logLikelihood: -3303884.286928
[155:47:56] [worker #3] Bootstrap tree #448, logLikelihood: -3301033.019583
[156:20:28] [worker #2] Bootstrap tree #447, logLikelihood: -3297326.297953
[156:26:22] [worker #0] Bootstrap tree #445, logLikelihood: -3298097.347572
[156:51:00] [worker #1] Bootstrap tree #446, logLikelihood: -3290956.187526
[157:22:39] [worker #0] Bootstrap tree #449, logLikelihood: -3297944.917229
[157:57:02] [worker #1] Bootstrap tree #450, logLikelihood: -3294301.409687
[158:59:42] [worker #1] Bootstrap tree #454, logLikelihood: -3302084.453221
[159:16:51] [worker #0] Bootstrap tree #453, logLikelihood: -3298161.520492
[159:48:01] [worker #2] Bootstrap tree #451, logLikelihood: -3302130.640351
[159:55:27] [worker #3] Bootstrap tree #452, logLikelihood: -3294386.552796
[159:56:00] [worker #1] Bootstrap tree #458, logLikelihood: -3308501.618632
[160:26:38] [worker #0] Bootstrap tree #457, logLikelihood: -3304950.760162
[160:41:46] [worker #2] Bootstrap tree #455, logLikelihood: -3290722.946131
[160:52:49] [worker #3] Bootstrap tree #456, logLikelihood: -3301036.140179
[161:34:28] [worker #0] Bootstrap tree #461, logLikelihood: -3299149.754809
[161:41:07] [worker #1] Bootstrap tree #462, logLikelihood: -3298737.274870
[161:44:33] [worker #3] Bootstrap tree #460, logLikelihood: -3291976.927680
[162:00:05] [worker #2] Bootstrap tree #459, logLikelihood: -3302471.702077
[162:15:47] [worker #0] Bootstrap tree #465, logLikelihood: -3300392.844759
[162:29:06] [worker #1] Bootstrap tree #466, logLikelihood: -3289830.758927
[162:43:27] [worker #3] Bootstrap tree #464, logLikelihood: -3294033.214831
[162:52:54] [worker #2] Bootstrap tree #463, logLikelihood: -3294027.216673
[163:09:23] [worker #1] Bootstrap tree #470, logLikelihood: -3296930.465803
[163:25:38] [worker #0] Bootstrap tree #469, logLikelihood: -3302311.477296
[163:49:34] [worker #2] Bootstrap tree #467, logLikelihood: -3296142.992200
[163:53:09] [worker #3] Bootstrap tree #468, logLikelihood: -3296409.149530
[164:18:15] [worker #0] Bootstrap tree #473, logLikelihood: -3294636.103582
[164:35:52] [worker #2] Bootstrap tree #471, logLikelihood: -3302540.191556
[164:57:43] [worker #1] Bootstrap tree #474, logLikelihood: -3297163.629185
[165:05:10] [worker #3] Bootstrap tree #472, logLikelihood: -3289035.344162
[165:06:14] [worker #0] Bootstrap tree #477, logLikelihood: -3294673.031769
[165:45:54] [worker #2] Bootstrap tree #475, logLikelihood: -3305463.635874
[165:59:34] [worker #3] Bootstrap tree #476, logLikelihood: -3292761.218977
[166:08:57] [worker #0] Bootstrap tree #481, logLikelihood: -3290148.298853
[166:10:14] [worker #1] Bootstrap tree #478, logLikelihood: -3293909.055564
[166:57:19] [worker #2] Bootstrap tree #479, logLikelihood: -3302873.208165
[167:00:56] [worker #3] Bootstrap tree #480, logLikelihood: -3289124.721658
[167:12:31] [worker #0] Bootstrap tree #485, logLikelihood: -3300468.669288
[167:24:48] [worker #1] Bootstrap tree #482, logLikelihood: -3296685.422689
[167:52:18] [worker #3] Bootstrap tree #484, logLikelihood: -3296266.190096
[168:00:04] [worker #2] Bootstrap tree #483, logLikelihood: -3299265.457475
[168:16:41] [worker #1] Bootstrap tree #486, logLikelihood: -3294560.359105
[168:23:17] [worker #0] Bootstrap tree #489, logLikelihood: -3302182.654087
[168:44:21] [worker #3] Bootstrap tree #488, logLikelihood: -3292668.721292
[169:05:00] [worker #2] Bootstrap tree #487, logLikelihood: -3298610.098006
[169:20:06] [worker #0] Bootstrap tree #493, logLikelihood: -3299682.686172
[169:36:58] [worker #3] Bootstrap tree #492, logLikelihood: -3295150.155944
[169:52:55] [worker #1] Bootstrap tree #490, logLikelihood: -3286923.298039
[170:10:50] [worker #2] Bootstrap tree #491, logLikelihood: -3294828.205931
[170:13:58] [worker #0] Bootstrap tree #497, logLikelihood: -3297756.031026
[170:19:03] [worker #3] Bootstrap tree #496, logLikelihood: -3286442.929684
[170:58:13] [worker #1] Bootstrap tree #494, logLikelihood: -3296004.630428
[171:29:01] [worker #3] Bootstrap tree #500, logLikelihood: -3295434.993190
[171:43:26] [worker #2] Bootstrap tree #495, logLikelihood: -3306602.318485
[172:06:14] [worker #1] Bootstrap tree #498, logLikelihood: -3293734.270210
[172:58:40] [worker #2] Bootstrap tree #499, logLikelihood: -3295066.289671
[173:47:49] [worker #3] Bootstrap tree #504, logLikelihood: -3300447.785741
[173:57:32] [worker #0] Bootstrap tree #501, logLikelihood: -3298236.219094
[174:04:17] [worker #2] Bootstrap tree #503, logLikelihood: -3301455.456720
[174:22:40] [worker #1] Bootstrap tree #502, logLikelihood: -3296947.149384
[174:59:39] [worker #0] Bootstrap tree #505, logLikelihood: -3291050.790992
[175:05:30] [worker #2] Bootstrap tree #507, logLikelihood: -3296189.254708
[175:17:02] [worker #3] Bootstrap tree #508, logLikelihood: -3295249.628787
[175:29:45] [worker #1] Bootstrap tree #506, logLikelihood: -3295962.158235
[176:01:34] [worker #0] Bootstrap tree #509, logLikelihood: -3290917.491241
[176:13:44] [worker #2] Bootstrap tree #511, logLikelihood: -3294237.550601
[176:18:38] [worker #1] Bootstrap tree #510, logLikelihood: -3295811.643418
[176:37:13] [worker #3] Bootstrap tree #512, logLikelihood: -3290978.717933
[176:58:27] [worker #0] Bootstrap tree #513, logLikelihood: -3313917.614939
[177:06:23] [worker #2] Bootstrap tree #515, logLikelihood: -3298670.986947
[177:19:07] [worker #1] Bootstrap tree #514, logLikelihood: -3295845.159333
[177:22:42] [worker #3] Bootstrap tree #516, logLikelihood: -3293645.983998
[178:10:27] [worker #2] Bootstrap tree #519, logLikelihood: -3292271.879030
[178:12:54] [worker #0] Bootstrap tree #517, logLikelihood: -3294186.345974
[178:19:45] [worker #1] Bootstrap tree #518, logLikelihood: -3298834.207490
[178:56:01] [worker #2] Bootstrap tree #523, logLikelihood: -3293025.493762
[179:02:15] [worker #3] Bootstrap tree #520, logLikelihood: -3301753.561462
[179:18:02] [worker #0] Bootstrap tree #521, logLikelihood: -3301236.153748
[179:24:51] [worker #1] Bootstrap tree #522, logLikelihood: -3293702.643940
[180:09:27] [worker #2] Bootstrap tree #527, logLikelihood: -3298089.200169
[180:10:46] [worker #1] Bootstrap tree #526, logLikelihood: -3291339.924499
[180:21:54] [worker #3] Bootstrap tree #524, logLikelihood: -3300578.517562
[180:38:04] [worker #0] Bootstrap tree #525, logLikelihood: -3299061.974082
[180:58:49] [worker #1] Bootstrap tree #530, logLikelihood: -3297147.372173
[181:13:26] [worker #2] Bootstrap tree #531, logLikelihood: -3295496.367070
[181:21:59] [worker #3] Bootstrap tree #528, logLikelihood: -3305262.822016
[181:37:37] [worker #0] Bootstrap tree #529, logLikelihood: -3302079.051093
[181:49:10] [worker #1] Bootstrap tree #534, logLikelihood: -3299718.833222
[182:10:49] [worker #2] Bootstrap tree #535, logLikelihood: -3293870.390504
[182:14:39] [worker #3] Bootstrap tree #532, logLikelihood: -3297890.119636
[182:41:36] [worker #0] Bootstrap tree #533, logLikelihood: -3299258.926966
[182:48:44] [worker #1] Bootstrap tree #538, logLikelihood: -3300943.510510
[183:04:30] [worker #3] Bootstrap tree #536, logLikelihood: -3295686.325058
[183:16:42] [worker #2] Bootstrap tree #539, logLikelihood: -3303684.570132
[183:36:11] [worker #0] Bootstrap tree #537, logLikelihood: -3291519.780543
[183:41:28] [worker #1] Bootstrap tree #542, logLikelihood: -3297323.833800
[184:16:57] [worker #3] Bootstrap tree #540, logLikelihood: -3294671.068903
[184:23:43] [worker #2] Bootstrap tree #543, logLikelihood: -3296235.603936
[184:36:27] [worker #0] Bootstrap tree #541, logLikelihood: -3294447.110410
[184:42:50] [worker #1] Bootstrap tree #546, logLikelihood: -3290786.172144
[185:34:21] [worker #0] Bootstrap tree #545, logLikelihood: -3301797.163969
[185:46:26] [worker #3] Bootstrap tree #544, logLikelihood: -3289335.911444
[186:02:31] [worker #2] Bootstrap tree #547, logLikelihood: -3290661.193245
[186:22:05] [worker #0] Bootstrap tree #549, logLikelihood: -3298000.264614
[186:37:03] [worker #3] Bootstrap tree #548, logLikelihood: -3294639.752340
[186:39:28] [worker #1] Bootstrap tree #550, logLikelihood: -3301486.746846
[187:45:29] [worker #3] Bootstrap tree #552, logLikelihood: -3292964.712404
[187:48:33] [worker #1] Bootstrap tree #554, logLikelihood: -3293120.328421
[187:57:48] [worker #0] Bootstrap tree #553, logLikelihood: -3290874.861240
[188:08:57] [worker #2] Bootstrap tree #551, logLikelihood: -3296295.236864
[188:51:51] [worker #1] Bootstrap tree #558, logLikelihood: -3295427.915094
[188:55:14] [worker #3] Bootstrap tree #556, logLikelihood: -3296390.763147
[189:22:52] [worker #2] Bootstrap tree #555, logLikelihood: -3304868.661512
[189:43:46] [worker #0] Bootstrap tree #557, logLikelihood: -3296066.603404
[190:03:48] [worker #3] Bootstrap tree #560, logLikelihood: -3302343.040602
[190:10:09] [worker #1] Bootstrap tree #562, logLikelihood: -3294542.051721
[190:41:49] [worker #2] Bootstrap tree #559, logLikelihood: -3299479.929439
[190:54:37] [worker #0] Bootstrap tree #561, logLikelihood: -3302180.571327
[191:18:17] [worker #1] Bootstrap tree #566, logLikelihood: -3299993.026311
[191:36:32] [worker #3] Bootstrap tree #564, logLikelihood: -3295353.286923
[191:54:59] [worker #0] Bootstrap tree #565, logLikelihood: -3293004.429037
[192:04:17] [worker #2] Bootstrap tree #563, logLikelihood: -3298938.002882
[192:28:17] [worker #1] Bootstrap tree #570, logLikelihood: -3303081.326937
[192:37:24] [worker #3] Bootstrap tree #568, logLikelihood: -3303537.399843
[193:03:17] [worker #0] Bootstrap tree #569, logLikelihood: -3298795.012837
[193:20:57] [worker #2] Bootstrap tree #567, logLikelihood: -3301020.823151
[193:38:26] [worker #3] Bootstrap tree #572, logLikelihood: -3294762.573239
[193:54:10] [worker #1] Bootstrap tree #574, logLikelihood: -3299498.473933
[194:10:51] [worker #0] Bootstrap tree #573, logLikelihood: -3302362.270909
[194:23:55] [worker #2] Bootstrap tree #571, logLikelihood: -3302689.189411
[194:35:35] [worker #3] Bootstrap tree #576, logLikelihood: -3297713.640821
[194:45:04] [worker #1] Bootstrap tree #578, logLikelihood: -3294927.178088
[195:07:35] [worker #0] Bootstrap tree #577, logLikelihood: -3306947.801488
[195:17:33] [worker #2] Bootstrap tree #575, logLikelihood: -3299477.744268
[195:35:12] [worker #1] Bootstrap tree #582, logLikelihood: -3296809.622689
[195:37:37] [worker #3] Bootstrap tree #580, logLikelihood: -3300291.907445
[196:19:47] [worker #0] Bootstrap tree #581, logLikelihood: -3305464.484503
[196:37:51] [worker #2] Bootstrap tree #579, logLikelihood: -3297937.071422
[196:45:47] [worker #3] Bootstrap tree #584, logLikelihood: -3303921.401313
[196:58:44] [worker #1] Bootstrap tree #586, logLikelihood: -3300916.097735
[197:20:55] [worker #0] Bootstrap tree #585, logLikelihood: -3296606.300802
[197:49:24] [worker #2] Bootstrap tree #583, logLikelihood: -3302810.425842
[197:53:27] [worker #3] Bootstrap tree #588, logLikelihood: -3302351.779105
[198:19:27] [worker #0] Bootstrap tree #589, logLikelihood: -3296169.300313
[198:22:41] [worker #1] Bootstrap tree #590, logLikelihood: -3296804.799823
[199:01:39] [worker #3] Bootstrap tree #592, logLikelihood: -3301462.461058
[199:15:28] [worker #2] Bootstrap tree #587, logLikelihood: -3295218.542097
[199:28:44] [worker #1] Bootstrap tree #594, logLikelihood: -3294383.633452
[199:38:22] [worker #0] Bootstrap tree #593, logLikelihood: -3298401.701385
[200:10:03] [worker #3] Bootstrap tree #596, logLikelihood: -3299384.746787
[200:19:47] [worker #1] Bootstrap tree #598, logLikelihood: -3295849.177684
[200:39:30] [worker #2] Bootstrap tree #591, logLikelihood: -3301518.986936
[200:50:51] [worker #0] Bootstrap tree #597, logLikelihood: -3293538.201324
[201:33:57] [worker #3] Bootstrap tree #600, logLikelihood: -3298643.958154
[201:42:30] [worker #2] Bootstrap tree #595, logLikelihood: -3301875.512623
[202:37:54] [worker #2] Bootstrap tree #599, logLikelihood: -3295526.874962
[203:41:07] [worker #2] Bootstrap tree #603, logLikelihood: -3299610.402101
[203:53:41] [worker #0] Bootstrap tree #601, logLikelihood: -3297832.918072
[203:55:42] [worker #1] Bootstrap tree #602, logLikelihood: -3305588.637634
[204:08:20] [worker #3] Bootstrap tree #604, logLikelihood: -3293685.957307
[204:40:48] [worker #2] Bootstrap tree #607, logLikelihood: -3299661.387744
[204:44:01] [worker #0] Bootstrap tree #605, logLikelihood: -3292446.299084
[204:54:49] [worker #1] Bootstrap tree #606, logLikelihood: -3294564.580621
[205:13:55] [worker #3] Bootstrap tree #608, logLikelihood: -3298736.082710
[205:50:58] [worker #2] Bootstrap tree #611, logLikelihood: -3299399.677376
[206:07:06] [worker #0] Bootstrap tree #609, logLikelihood: -3295802.405069
[206:22:53] [worker #1] Bootstrap tree #610, logLikelihood: -3302185.407055
[206:30:16] [worker #3] Bootstrap tree #612, logLikelihood: -3296638.480043
[207:07:21] [worker #2] Bootstrap tree #615, logLikelihood: -3294736.917781
[207:17:42] [worker #0] Bootstrap tree #613, logLikelihood: -3291405.977580
[207:39:20] [worker #3] Bootstrap tree #616, logLikelihood: -3290957.710567
[207:40:43] [worker #1] Bootstrap tree #614, logLikelihood: -3294557.879453
[208:11:17] [worker #0] Bootstrap tree #617, logLikelihood: -3307175.234609
[208:25:29] [worker #2] Bootstrap tree #619, logLikelihood: -3296623.325857
[208:45:20] [worker #3] Bootstrap tree #620, logLikelihood: -3291879.183501
[209:36:35] [worker #1] Bootstrap tree #618, logLikelihood: -3296462.953014
[209:56:48] [worker #2] Bootstrap tree #623, logLikelihood: -3298971.604496
[210:01:22] [worker #0] Bootstrap tree #621, logLikelihood: -3299811.227102
[210:26:39] [worker #3] Bootstrap tree #624, logLikelihood: -3292728.309105
[210:37:23] [worker #1] Bootstrap tree #622, logLikelihood: -3300848.117396
[211:17:28] [worker #0] Bootstrap tree #625, logLikelihood: -3286952.288198
[211:21:00] [worker #2] Bootstrap tree #627, logLikelihood: -3298539.845759
[211:52:18] [worker #1] Bootstrap tree #626, logLikelihood: -3301365.981931
[211:58:04] [worker #3] Bootstrap tree #628, logLikelihood: -3296158.733812
[212:35:45] [worker #0] Bootstrap tree #629, logLikelihood: -3291736.626430
[213:08:45] [worker #1] Bootstrap tree #630, logLikelihood: -3294859.566551
[213:24:16] [worker #2] Bootstrap tree #631, logLikelihood: -3292639.810380
[214:06:40] [worker #0] Bootstrap tree #633, logLikelihood: -3300990.812946
[214:15:26] [worker #3] Bootstrap tree #632, logLikelihood: -3297766.811159
[214:45:01] [worker #1] Bootstrap tree #634, logLikelihood: -3296883.681431
[215:00:00] [worker #2] Bootstrap tree #635, logLikelihood: -3292736.236276
[215:18:11] [worker #0] Bootstrap tree #637, logLikelihood: -3304739.158429
[215:30:06] [worker #1] Bootstrap tree #638, logLikelihood: -3303510.317213
[215:34:47] [worker #3] Bootstrap tree #636, logLikelihood: -3295356.424796
[215:48:17] [worker #2] Bootstrap tree #639, logLikelihood: -3308462.546556
[216:14:45] [worker #0] Bootstrap tree #641, logLikelihood: -3308199.711773
[216:19:23] [worker #1] Bootstrap tree #642, logLikelihood: -3293778.972568
[216:39:18] [worker #3] Bootstrap tree #640, logLikelihood: -3302621.267344
[216:43:27] [worker #2] Bootstrap tree #643, logLikelihood: -3291706.546928
[217:05:34] [worker #0] Bootstrap tree #645, logLikelihood: -3299166.041564
[217:25:48] [worker #3] Bootstrap tree #644, logLikelihood: -3302574.941852
[217:44:07] [worker #1] Bootstrap tree #646, logLikelihood: -3295473.981923
[218:12:36] [worker #0] Bootstrap tree #649, logLikelihood: -3303083.155276
[218:19:41] [worker #3] Bootstrap tree #648, logLikelihood: -3303736.324257
[218:44:19] [worker #2] Bootstrap tree #647, logLikelihood: -3302099.893568
[218:59:47] [worker #1] Bootstrap tree #650, logLikelihood: -3294370.224078
[219:51:38] [worker #1] Bootstrap tree #654, logLikelihood: -3298827.783346
[220:07:11] [worker #0] Bootstrap tree #653, logLikelihood: -3297647.306697
[220:07:46] [worker #3] Bootstrap tree #652, logLikelihood: -3299499.260985
[220:21:18] [worker #2] Bootstrap tree #651, logLikelihood: -3293049.938534
[221:17:53] [worker #3] Bootstrap tree #656, logLikelihood: -3302565.898692
[221:49:43] [worker #0] Bootstrap tree #657, logLikelihood: -3299042.989432
[222:07:32] [worker #2] Bootstrap tree #655, logLikelihood: -3296221.127226
[222:18:20] [worker #3] Bootstrap tree #660, logLikelihood: -3295762.744006
[222:31:33] [worker #1] Bootstrap tree #658, logLikelihood: -3292187.205540
[223:33:06] [worker #0] Bootstrap tree #661, logLikelihood: -3301984.485889
[223:44:27] [worker #2] Bootstrap tree #659, logLikelihood: -3283381.746818
[223:48:22] [worker #3] Bootstrap tree #664, logLikelihood: -3309349.254832
[224:37:42] [worker #1] Bootstrap tree #662, logLikelihood: -3298172.513574
[225:07:15] [worker #3] Bootstrap tree #668, logLikelihood: -3294296.833298
[225:08:53] [worker #2] Bootstrap tree #663, logLikelihood: -3290343.223170
[225:29:11] [worker #0] Bootstrap tree #665, logLikelihood: -3288772.611441
[226:01:28] [worker #1] Bootstrap tree #666, logLikelihood: -3293587.594896
[226:30:27] [worker #2] Bootstrap tree #667, logLikelihood: -3298985.335680
[226:33:06] [worker #3] Bootstrap tree #672, logLikelihood: -3293761.800456
[226:57:20] [worker #1] Bootstrap tree #670, logLikelihood: -3306712.599600
[227:11:05] [worker #0] Bootstrap tree #669, logLikelihood: -3296939.317249
[227:43:31] [worker #2] Bootstrap tree #671, logLikelihood: -3299785.540402
[228:17:38] [worker #3] Bootstrap tree #676, logLikelihood: -3293946.279915
[228:48:39] [worker #0] Bootstrap tree #673, logLikelihood: -3295098.533836
[228:56:30] [worker #1] Bootstrap tree #674, logLikelihood: -3295836.292397
[229:22:17] [worker #2] Bootstrap tree #675, logLikelihood: -3309178.583609
[229:47:50] [worker #3] Bootstrap tree #680, logLikelihood: -3299303.041034
[230:01:58] [worker #1] Bootstrap tree #678, logLikelihood: -3301421.851515
[230:22:26] [worker #0] Bootstrap tree #677, logLikelihood: -3297119.392429
[230:27:33] [worker #2] Bootstrap tree #679, logLikelihood: -3293780.707268
[230:48:37] [worker #3] Bootstrap tree #684, logLikelihood: -3304421.188219
[231:31:31] [worker #0] Bootstrap tree #681, logLikelihood: -3297088.088253
[231:37:18] [worker #1] Bootstrap tree #682, logLikelihood: -3298095.073434
[232:06:13] [worker #3] Bootstrap tree #688, logLikelihood: -3296311.404059
[232:08:43] [worker #2] Bootstrap tree #683, logLikelihood: -3289622.667718
[232:47:28] [worker #0] Bootstrap tree #685, logLikelihood: -3283926.978703
[232:56:07] [worker #1] Bootstrap tree #686, logLikelihood: -3302375.844349
[233:05:28] [worker #2] Bootstrap tree #687, logLikelihood: -3307354.211354
[233:07:57] [worker #3] Bootstrap tree #692, logLikelihood: -3292165.413500
[233:39:35] [worker #0] Bootstrap tree #689, logLikelihood: -3300480.294892
[233:52:29] [worker #2] Bootstrap tree #691, logLikelihood: -3290099.029801
[233:52:43] [worker #3] Bootstrap tree #696, logLikelihood: -3296025.532995
[234:01:05] [worker #1] Bootstrap tree #690, logLikelihood: -3296310.827344
[234:34:59] [worker #0] Bootstrap tree #693, logLikelihood: -3302194.606906
[234:41:40] [worker #2] Bootstrap tree #695, logLikelihood: -3299486.092340
[234:43:04] [worker #1] Bootstrap tree #694, logLikelihood: -3291354.348960
[234:50:47] [worker #3] Bootstrap tree #700, logLikelihood: -3283643.382057
[235:32:40] [worker #0] Bootstrap tree #697, logLikelihood: -3290960.682987
[235:39:35] [worker #2] Bootstrap tree #699, logLikelihood: -3297687.929095
[235:41:57] [worker #1] Bootstrap tree #698, logLikelihood: -3297628.626612
[236:24:32] [worker #0] Bootstrap tree #701, logLikelihood: -3298679.592012
[236:36:01] [worker #3] Bootstrap tree #704, logLikelihood: -3305390.196268
[236:37:06] [worker #1] Bootstrap tree #702, logLikelihood: -3295299.157073
[237:09:12] [worker #2] Bootstrap tree #703, logLikelihood: -3297000.629015
[237:31:10] [worker #1] Bootstrap tree #706, logLikelihood: -3288360.603605
[238:03:41] [worker #0] Bootstrap tree #705, logLikelihood: -3302211.943214
[238:07:18] [worker #2] Bootstrap tree #707, logLikelihood: -3299176.509932
[238:07:52] [worker #3] Bootstrap tree #708, logLikelihood: -3297273.197331
[238:47:46] [worker #1] Bootstrap tree #710, logLikelihood: -3307496.373972
[239:17:21] [worker #3] Bootstrap tree #712, logLikelihood: -3297423.560303
[239:22:45] [worker #2] Bootstrap tree #711, logLikelihood: -3294634.864968
[239:23:29] [worker #0] Bootstrap tree #709, logLikelihood: -3302247.002939
[239:56:46] [worker #1] Bootstrap tree #714, logLikelihood: -3296228.935169
[240:07:08] [worker #3] Bootstrap tree #716, logLikelihood: -3299987.722019
[240:36:35] [worker #2] Bootstrap tree #715, logLikelihood: -3295211.889680
[240:43:53] [worker #0] Bootstrap tree #713, logLikelihood: -3293582.404991
[240:54:02] [worker #1] Bootstrap tree #718, logLikelihood: -3298164.772165
[241:30:04] [worker #3] Bootstrap tree #720, logLikelihood: -3297528.829341
[241:39:28] [worker #2] Bootstrap tree #719, logLikelihood: -3294392.057936
[241:59:58] [worker #0] Bootstrap tree #717, logLikelihood: -3301694.490643
[242:40:50] [worker #2] Bootstrap tree #723, logLikelihood: -3298935.188610
[242:46:10] [worker #3] Bootstrap tree #724, logLikelihood: -3299110.085017
[243:00:18] [worker #1] Bootstrap tree #722, logLikelihood: -3293083.558297
[243:30:55] [worker #0] Bootstrap tree #721, logLikelihood: -3303425.077217
[243:41:06] [worker #2] Bootstrap tree #727, logLikelihood: -3289817.503361
[244:01:18] [worker #3] Bootstrap tree #728, logLikelihood: -3291930.260895
[244:18:18] [worker #1] Bootstrap tree #726, logLikelihood: -3291169.678553
[244:51:42] [worker #0] Bootstrap tree #725, logLikelihood: -3293217.856374
[245:26:50] [worker #1] Bootstrap tree #730, logLikelihood: -3298292.896955
[245:38:46] [worker #2] Bootstrap tree #731, logLikelihood: -3300876.005696
[246:01:02] [worker #0] Bootstrap tree #729, logLikelihood: -3294551.060324
[246:08:21] [worker #3] Bootstrap tree #732, logLikelihood: -3288999.012662
[246:12:37] [worker #1] Bootstrap tree #734, logLikelihood: -3296848.145286
[246:35:11] [worker #2] Bootstrap tree #735, logLikelihood: -3303014.583714
[246:52:59] [worker #3] Bootstrap tree #736, logLikelihood: -3298423.205237
[246:54:34] [worker #0] Bootstrap tree #733, logLikelihood: -3296118.007576
[247:08:09] [worker #1] Bootstrap tree #738, logLikelihood: -3293884.740226
[247:55:40] [worker #3] Bootstrap tree #740, logLikelihood: -3297459.535368
[248:14:27] [worker #1] Bootstrap tree #742, logLikelihood: -3303137.827732
[248:17:05] [worker #0] Bootstrap tree #737, logLikelihood: -3295593.948083
[248:28:21] [worker #2] Bootstrap tree #739, logLikelihood: -3294578.272880
[249:34:00] [worker #0] Bootstrap tree #741, logLikelihood: -3298355.736465
[249:35:24] [worker #2] Bootstrap tree #743, logLikelihood: -3298212.638106
[249:46:12] [worker #1] Bootstrap tree #746, logLikelihood: -3301396.317414
[249:59:54] [worker #3] Bootstrap tree #744, logLikelihood: -3300799.158558
[250:26:06] [worker #0] Bootstrap tree #745, logLikelihood: -3294629.964977
[250:55:47] [worker #1] Bootstrap tree #750, logLikelihood: -3294373.808871
[251:05:32] [worker #2] Bootstrap tree #747, logLikelihood: -3298176.767058
[251:06:30] [worker #3] Bootstrap tree #748, logLikelihood: -3295713.609244
[251:28:23] [worker #0] Bootstrap tree #749, logLikelihood: -3299090.548139
[252:54:41] [worker #0] Bootstrap tree #753, logLikelihood: -3297270.977513
[252:59:17] [worker #1] Bootstrap tree #754, logLikelihood: -3306244.081867
[253:09:04] [worker #2] Bootstrap tree #751, logLikelihood: -3294680.842461
[253:43:47] [worker #3] Bootstrap tree #752, logLikelihood: -3285465.379132
[254:04:09] [worker #1] Bootstrap tree #758, logLikelihood: -3292602.489149
[254:07:50] [worker #2] Bootstrap tree #755, logLikelihood: -3293727.684075
[254:14:39] [worker #0] Bootstrap tree #757, logLikelihood: -3300248.776889
[254:43:56] [worker #3] Bootstrap tree #756, logLikelihood: -3305980.492675
[255:20:06] [worker #2] Bootstrap tree #759, logLikelihood: -3295651.580450
[255:22:09] [worker #1] Bootstrap tree #762, logLikelihood: -3289533.601525
[255:42:52] [worker #3] Bootstrap tree #760, logLikelihood: -3291735.115864
[256:08:45] [worker #2] Bootstrap tree #763, logLikelihood: -3300154.895149
[256:13:26] [worker #0] Bootstrap tree #761, logLikelihood: -3295818.470925
[256:38:24] [worker #1] Bootstrap tree #766, logLikelihood: -3300736.171291
[257:12:15] [worker #2] Bootstrap tree #767, logLikelihood: -3293774.412584
[257:16:53] [worker #3] Bootstrap tree #764, logLikelihood: -3290318.906728
[257:22:49] [worker #0] Bootstrap tree #765, logLikelihood: -3297552.694664
[257:35:28] [worker #1] Bootstrap tree #770, logLikelihood: -3301153.453201
[258:34:02] [worker #2] Bootstrap tree #771, logLikelihood: -3292671.019363
[258:35:53] [worker #3] Bootstrap tree #768, logLikelihood: -3302347.607756
[258:39:14] [worker #1] Bootstrap tree #774, logLikelihood: -3293220.385271
[258:45:52] [worker #0] Bootstrap tree #769, logLikelihood: -3295968.706310
[259:37:24] [worker #0] Bootstrap tree #773, logLikelihood: -3298862.375344
[259:50:43] [worker #2] Bootstrap tree #775, logLikelihood: -3304006.898042
[260:09:45] [worker #1] Bootstrap tree #778, logLikelihood: -3303400.823011
[260:53:34] [worker #2] Bootstrap tree #779, logLikelihood: -3295267.923955
[260:57:39] [worker #3] Bootstrap tree #772, logLikelihood: -3294508.072248
[261:04:32] [worker #0] Bootstrap tree #777, logLikelihood: -3298462.354353
[261:13:26] [worker #1] Bootstrap tree #782, logLikelihood: -3303438.672694
[262:05:59] [worker #2] Bootstrap tree #783, logLikelihood: -3300966.024677
[262:09:32] [worker #3] Bootstrap tree #776, logLikelihood: -3295906.704243
[262:17:13] [worker #0] Bootstrap tree #781, logLikelihood: -3299446.974663
[263:07:13] [worker #2] Bootstrap tree #787, logLikelihood: -3295398.408659
[263:11:48] [worker #1] Bootstrap tree #786, logLikelihood: -3301071.820687
[263:14:31] [worker #3] Bootstrap tree #780, logLikelihood: -3292585.797502
[263:15:45] [worker #0] Bootstrap tree #785, logLikelihood: -3293555.315294
[264:15:37] [worker #1] Bootstrap tree #790, logLikelihood: -3302911.668059
[264:17:39] [worker #2] Bootstrap tree #791, logLikelihood: -3291587.243257
[264:36:31] [worker #3] Bootstrap tree #784, logLikelihood: -3294154.333243
[264:40:41] [worker #0] Bootstrap tree #789, logLikelihood: -3297586.944412
[265:29:03] [worker #0] Bootstrap tree #793, logLikelihood: -3294883.400602
[265:31:48] [worker #2] Bootstrap tree #795, logLikelihood: -3299159.767281
[265:37:44] [worker #1] Bootstrap tree #794, logLikelihood: -3296669.931939
[266:04:47] [worker #3] Bootstrap tree #788, logLikelihood: -3287709.830603
[266:30:17] [worker #0] Bootstrap tree #797, logLikelihood: -3296365.722802
[266:33:14] [worker #1] Bootstrap tree #798, logLikelihood: -3295741.334534
[266:52:11] [worker #2] Bootstrap tree #799, logLikelihood: -3298206.894602
[267:11:19] [worker #3] Bootstrap tree #792, logLikelihood: -3294353.437949
[268:41:59] [worker #3] Bootstrap tree #796, logLikelihood: -3299695.867399
[269:30:50] [worker #3] Bootstrap tree #800, logLikelihood: -3296677.604099
[270:22:12] [worker #2] Bootstrap tree #803, logLikelihood: -3296354.796570
[270:45:33] [worker #1] Bootstrap tree #802, logLikelihood: -3295936.159360
[270:46:55] [worker #3] Bootstrap tree #804, logLikelihood: -3291066.347608
[271:10:31] [worker #0] Bootstrap tree #801, logLikelihood: -3296860.427894
[271:52:06] [worker #3] Bootstrap tree #808, logLikelihood: -3291870.474054
[271:56:25] [worker #2] Bootstrap tree #807, logLikelihood: -3307243.614989
[272:00:17] [worker #1] Bootstrap tree #806, logLikelihood: -3291491.535072
[272:02:14] [worker #0] Bootstrap tree #805, logLikelihood: -3293233.201001
[273:08:03] [worker #0] Bootstrap tree #809, logLikelihood: -3303988.344715
[273:09:28] [worker #1] Bootstrap tree #810, logLikelihood: -3301237.239179
[273:16:48] [worker #3] Bootstrap tree #812, logLikelihood: -3299292.428092
[273:27:26] [worker #2] Bootstrap tree #811, logLikelihood: -3291133.009467
[274:06:04] [worker #0] Bootstrap tree #813, logLikelihood: -3295716.213829
[274:12:17] [worker #3] Bootstrap tree #816, logLikelihood: -3298494.291354
[274:36:39] [worker #1] Bootstrap tree #814, logLikelihood: -3300628.545272
[275:09:35] [worker #0] Bootstrap tree #817, logLikelihood: -3293785.590408
[275:14:37] [worker #2] Bootstrap tree #815, logLikelihood: -3296602.154958
[275:17:17] [worker #3] Bootstrap tree #820, logLikelihood: -3295429.129390
[275:48:38] [worker #1] Bootstrap tree #818, logLikelihood: -3299565.485942
[276:28:38] [worker #2] Bootstrap tree #819, logLikelihood: -3297195.682483
[276:33:13] [worker #0] Bootstrap tree #821, logLikelihood: -3297214.387944
[276:59:08] [worker #1] Bootstrap tree #822, logLikelihood: -3302836.564067
[277:10:59] [worker #3] Bootstrap tree #824, logLikelihood: -3292848.797427
[277:30:48] [worker #0] Bootstrap tree #825, logLikelihood: -3295554.153383
[277:33:37] [worker #2] Bootstrap tree #823, logLikelihood: -3303149.914103
[278:31:51] [worker #1] Bootstrap tree #826, logLikelihood: -3296063.616246
[278:34:57] [worker #2] Bootstrap tree #827, logLikelihood: -3295811.781549
[278:36:45] [worker #3] Bootstrap tree #828, logLikelihood: -3298825.736904
[279:15:21] [worker #0] Bootstrap tree #829, logLikelihood: -3287012.003333
[279:34:24] [worker #1] Bootstrap tree #830, logLikelihood: -3301891.165430
[279:36:39] [worker #2] Bootstrap tree #831, logLikelihood: -3294195.754113
[280:07:40] [worker #3] Bootstrap tree #832, logLikelihood: -3299139.463434
[280:35:26] [worker #2] Bootstrap tree #835, logLikelihood: -3298837.021205
[280:37:09] [worker #1] Bootstrap tree #834, logLikelihood: -3298113.338340
[280:37:45] [worker #0] Bootstrap tree #833, logLikelihood: -3296166.375560
[281:22:08] [worker #3] Bootstrap tree #836, logLikelihood: -3297137.653312
[281:26:36] [worker #2] Bootstrap tree #839, logLikelihood: -3302118.976507
[281:43:43] [worker #0] Bootstrap tree #837, logLikelihood: -3295075.966858
[281:58:09] [worker #1] Bootstrap tree #838, logLikelihood: -3292613.341626
[282:28:49] [worker #3] Bootstrap tree #840, logLikelihood: -3292828.662715
[282:48:30] [worker #2] Bootstrap tree #843, logLikelihood: -3298436.095942
[282:54:31] [worker #0] Bootstrap tree #841, logLikelihood: -3301006.696838
[282:59:04] [worker #1] Bootstrap tree #842, logLikelihood: -3302678.451348
[283:51:45] [worker #3] Bootstrap tree #844, logLikelihood: -3301942.309371
[283:53:46] [worker #2] Bootstrap tree #847, logLikelihood: -3293194.804959
[284:01:33] [worker #0] Bootstrap tree #845, logLikelihood: -3299244.357458
[284:03:20] [worker #1] Bootstrap tree #846, logLikelihood: -3296542.780907
[284:36:28] [worker #3] Bootstrap tree #848, logLikelihood: -3302844.340164
[285:01:13] [worker #0] Bootstrap tree #849, logLikelihood: -3293099.573534
[285:33:45] [worker #1] Bootstrap tree #850, logLikelihood: -3301513.496061
[286:44:38] [worker #0] Bootstrap tree #853, logLikelihood: -3303071.469901
[286:47:44] [worker #2] Bootstrap tree #851, logLikelihood: -3293533.102827
[286:51:53] [worker #1] Bootstrap tree #854, logLikelihood: -3296201.081300
[287:23:24] [worker #3] Bootstrap tree #852, logLikelihood: -3288936.675855
[287:46:52] [worker #0] Bootstrap tree #857, logLikelihood: -3303649.061068
[287:57:52] [worker #1] Bootstrap tree #858, logLikelihood: -3301893.767234
[288:05:46] [worker #2] Bootstrap tree #855, logLikelihood: -3291829.110012
[288:33:15] [worker #3] Bootstrap tree #856, logLikelihood: -3294244.089857
[289:09:03] [worker #1] Bootstrap tree #862, logLikelihood: -3291667.675581
[289:28:51] [worker #0] Bootstrap tree #861, logLikelihood: -3299442.777585
[289:32:55] [worker #2] Bootstrap tree #859, logLikelihood: -3294407.855374
[290:14:19] [worker #3] Bootstrap tree #860, logLikelihood: -3306236.203710
[290:30:02] [worker #0] Bootstrap tree #865, logLikelihood: -3299946.163175
[290:37:28] [worker #1] Bootstrap tree #866, logLikelihood: -3296567.417586
[290:39:51] [worker #2] Bootstrap tree #863, logLikelihood: -3294979.596818
[291:25:59] [worker #2] Bootstrap tree #867, logLikelihood: -3292373.970535
[291:27:48] [worker #3] Bootstrap tree #864, logLikelihood: -3301856.716630
[291:28:04] [worker #0] Bootstrap tree #869, logLikelihood: -3299888.701782
[291:59:13] [worker #1] Bootstrap tree #870, logLikelihood: -3303402.620717
[292:53:47] [worker #2] Bootstrap tree #871, logLikelihood: -3297756.721772
[292:57:34] [worker #3] Bootstrap tree #868, logLikelihood: -3299638.733387
[293:05:24] [worker #0] Bootstrap tree #873, logLikelihood: -3293955.126986
[293:06:03] [worker #1] Bootstrap tree #874, logLikelihood: -3302929.799540
[293:55:22] [worker #3] Bootstrap tree #872, logLikelihood: -3295171.816749
[294:12:24] [worker #2] Bootstrap tree #875, logLikelihood: -3298009.325311
[294:28:25] [worker #1] Bootstrap tree #878, logLikelihood: -3300504.052731
[294:50:21] [worker #0] Bootstrap tree #877, logLikelihood: -3295535.589382
[295:01:04] [worker #3] Bootstrap tree #876, logLikelihood: -3299568.813683
[295:37:06] [worker #2] Bootstrap tree #879, logLikelihood: -3304409.480455
[295:38:02] [worker #1] Bootstrap tree #882, logLikelihood: -3299339.449907
[296:00:51] [worker #0] Bootstrap tree #881, logLikelihood: -3311753.170754
[296:02:04] [worker #3] Bootstrap tree #880, logLikelihood: -3291614.560120
[296:52:46] [worker #1] Bootstrap tree #886, logLikelihood: -3298572.814480
[297:08:17] [worker #0] Bootstrap tree #885, logLikelihood: -3300210.712663
[297:11:09] [worker #3] Bootstrap tree #884, logLikelihood: -3301176.270669
[297:30:34] [worker #2] Bootstrap tree #883, logLikelihood: -3299572.869349
[298:07:11] [worker #0] Bootstrap tree #889, logLikelihood: -3296061.137138
[298:09:40] [worker #1] Bootstrap tree #890, logLikelihood: -3292984.887765
[298:10:36] [worker #3] Bootstrap tree #888, logLikelihood: -3303127.366320
[298:34:07] [worker #2] Bootstrap tree #887, logLikelihood: -3294918.342842
[298:53:01] [worker #0] Bootstrap tree #893, logLikelihood: -3293271.416443
[299:12:08] [worker #3] Bootstrap tree #892, logLikelihood: -3297920.778192
[299:45:21] [worker #1] Bootstrap tree #894, logLikelihood: -3297938.321386
[299:50:05] [worker #2] Bootstrap tree #891, logLikelihood: -3298565.901592
[299:54:52] [worker #0] Bootstrap tree #897, logLikelihood: -3284325.729903
[300:24:44] [worker #3] Bootstrap tree #896, logLikelihood: -3288881.097940
[300:35:11] [worker #1] Bootstrap tree #898, logLikelihood: -3290275.011601
[300:43:54] [worker #2] Bootstrap tree #895, logLikelihood: -3290321.443052
[301:16:47] [worker #3] Bootstrap tree #900, logLikelihood: -3293746.455720
[301:34:04] [worker #2] Bootstrap tree #899, logLikelihood: -3298444.418819
[302:46:30] [worker #0] Bootstrap tree #901, logLikelihood: -3294596.947001
[302:47:38] [worker #1] Bootstrap tree #902, logLikelihood: -3304856.089714
[303:05:45] [worker #2] Bootstrap tree #903, logLikelihood: -3300677.699077
[303:22:41] [worker #3] Bootstrap tree #904, logLikelihood: -3297293.758472
[303:51:57] [worker #1] Bootstrap tree #906, logLikelihood: -3297984.453898
[304:03:09] [worker #0] Bootstrap tree #905, logLikelihood: -3308560.479056
[304:21:30] [worker #2] Bootstrap tree #907, logLikelihood: -3293834.499410
[304:36:18] [worker #3] Bootstrap tree #908, logLikelihood: -3294067.295465
[304:56:07] [worker #0] Bootstrap tree #909, logLikelihood: -3300224.027101
[305:02:31] [worker #1] Bootstrap tree #910, logLikelihood: -3305053.940272
[305:32:26] [worker #2] Bootstrap tree #911, logLikelihood: -3303745.776902
[305:35:26] [worker #3] Bootstrap tree #912, logLikelihood: -3296572.346613
[306:16:20] [worker #0] Bootstrap tree #913, logLikelihood: -3302499.751506
[306:21:09] [worker #1] Bootstrap tree #914, logLikelihood: -3294196.115781
[306:54:01] [worker #2] Bootstrap tree #915, logLikelihood: -3300947.130497
[307:12:04] [worker #0] Bootstrap tree #917, logLikelihood: -3298456.879784
[307:17:33] [worker #3] Bootstrap tree #916, logLikelihood: -3300440.183830
[307:46:20] [worker #1] Bootstrap tree #918, logLikelihood: -3300404.341681
[308:00:31] [worker #2] Bootstrap tree #919, logLikelihood: -3290305.745944
[308:23:55] [worker #0] Bootstrap tree #921, logLikelihood: -3297815.327053
[308:45:46] [worker #3] Bootstrap tree #920, logLikelihood: -3295771.504526
[308:51:41] [worker #2] Bootstrap tree #923, logLikelihood: -3295352.497599
[309:15:10] [worker #1] Bootstrap tree #922, logLikelihood: -3296458.801382
[309:28:21] [worker #0] Bootstrap tree #925, logLikelihood: -3299117.677144
[309:51:48] [worker #3] Bootstrap tree #924, logLikelihood: -3302052.565794
[310:13:42] [worker #2] Bootstrap tree #927, logLikelihood: -3299368.757389
[310:20:05] [worker #1] Bootstrap tree #926, logLikelihood: -3300456.204346
[310:39:26] [worker #0] Bootstrap tree #929, logLikelihood: -3288815.990200
[311:09:39] [worker #2] Bootstrap tree #931, logLikelihood: -3299355.046764
[311:21:03] [worker #1] Bootstrap tree #930, logLikelihood: -3305240.749022
[311:25:03] [worker #3] Bootstrap tree #928, logLikelihood: -3292302.835823
[311:36:01] [worker #0] Bootstrap tree #933, logLikelihood: -3299462.507040
[312:25:08] [worker #2] Bootstrap tree #935, logLikelihood: -3293171.791161
[312:28:04] [worker #3] Bootstrap tree #932, logLikelihood: -3291329.907860
[312:40:18] [worker #0] Bootstrap tree #937, logLikelihood: -3298630.341552
[312:51:56] [worker #1] Bootstrap tree #934, logLikelihood: -3297805.427665
[313:21:11] [worker #2] Bootstrap tree #939, logLikelihood: -3302795.162274
[313:39:27] [worker #3] Bootstrap tree #936, logLikelihood: -3299717.538314
[313:40:36] [worker #1] Bootstrap tree #938, logLikelihood: -3294289.262732
[314:10:56] [worker #0] Bootstrap tree #941, logLikelihood: -3294940.480338
[314:13:39] [worker #2] Bootstrap tree #943, logLikelihood: -3297232.008342
[314:36:19] [worker #3] Bootstrap tree #940, logLikelihood: -3300424.513109
[314:50:47] [worker #1] Bootstrap tree #942, logLikelihood: -3298548.639957
[315:14:46] [worker #0] Bootstrap tree #945, logLikelihood: -3300046.366455
[315:21:31] [worker #3] Bootstrap tree #944, logLikelihood: -3302561.208479
[315:27:27] [worker #2] Bootstrap tree #947, logLikelihood: -3289225.072967
[315:46:49] [worker #1] Bootstrap tree #946, logLikelihood: -3299043.971012
[316:20:49] [worker #0] Bootstrap tree #949, logLikelihood: -3305392.447164
[316:24:24] [worker #1] Bootstrap tree #950, logLikelihood: -3301344.775251
[316:32:59] [worker #3] Bootstrap tree #948, logLikelihood: -3295502.323896
[317:34:11] [worker #2] Bootstrap tree #951, logLikelihood: -3289089.611074
[317:42:36] [worker #1] Bootstrap tree #954, logLikelihood: -3292820.972510
[317:51:02] [worker #0] Bootstrap tree #953, logLikelihood: -3293451.694760
[317:58:21] [worker #3] Bootstrap tree #952, logLikelihood: -3302713.863353
[318:31:00] [worker #2] Bootstrap tree #955, logLikelihood: -3303578.572451
[318:43:34] [worker #1] Bootstrap tree #958, logLikelihood: -3294969.932617
[319:00:16] [worker #0] Bootstrap tree #957, logLikelihood: -3292358.253097
[319:14:03] [worker #3] Bootstrap tree #956, logLikelihood: -3302435.046860
[319:17:07] [worker #2] Bootstrap tree #959, logLikelihood: -3300843.486097
[319:41:46] [worker #1] Bootstrap tree #962, logLikelihood: -3293399.137991
[319:53:17] [worker #0] Bootstrap tree #961, logLikelihood: -3289532.510911
[320:21:20] [worker #2] Bootstrap tree #963, logLikelihood: -3291375.286924
[320:40:53] [worker #1] Bootstrap tree #966, logLikelihood: -3291776.793481
[320:44:36] [worker #3] Bootstrap tree #960, logLikelihood: -3293241.564639
[320:53:51] [worker #0] Bootstrap tree #965, logLikelihood: -3294623.693755
[321:20:15] [worker #2] Bootstrap tree #967, logLikelihood: -3299228.455862
[321:50:28] [worker #3] Bootstrap tree #964, logLikelihood: -3295068.900509
[322:06:13] [worker #1] Bootstrap tree #970, logLikelihood: -3296052.742834
[322:28:14] [worker #0] Bootstrap tree #969, logLikelihood: -3294350.497105
[322:36:32] [worker #2] Bootstrap tree #971, logLikelihood: -3305211.371083
[322:58:42] [worker #1] Bootstrap tree #974, logLikelihood: -3291800.286422
[323:07:40] [worker #3] Bootstrap tree #968, logLikelihood: -3288368.367644
[323:33:36] [worker #0] Bootstrap tree #973, logLikelihood: -3291886.636753
[323:34:17] [worker #2] Bootstrap tree #975, logLikelihood: -3299339.773745
[323:54:15] [worker #1] Bootstrap tree #978, logLikelihood: -3304547.148382
[324:12:41] [worker #3] Bootstrap tree #972, logLikelihood: -3295501.877985
[324:29:26] [worker #2] Bootstrap tree #979, logLikelihood: -3298734.607012
[324:32:05] [worker #0] Bootstrap tree #977, logLikelihood: -3293628.340470
[325:00:21] [worker #1] Bootstrap tree #982, logLikelihood: -3293133.015868
[325:05:23] [worker #3] Bootstrap tree #976, logLikelihood: -3305618.283265
[325:27:32] [worker #2] Bootstrap tree #983, logLikelihood: -3293540.175337
[325:36:33] [worker #0] Bootstrap tree #981, logLikelihood: -3295041.231945
[325:54:39] [worker #1] Bootstrap tree #986, logLikelihood: -3301393.396771
[326:31:41] [worker #3] Bootstrap tree #980, logLikelihood: -3291431.470309
[326:37:09] [worker #0] Bootstrap tree #985, logLikelihood: -3312563.469837
[326:42:29] [worker #2] Bootstrap tree #987, logLikelihood: -3307705.195684
[327:13:08] [worker #1] Bootstrap tree #990, logLikelihood: -3301066.952122
[327:59:46] [worker #0] Bootstrap tree #989, logLikelihood: -3300091.271116
[328:20:36] [worker #2] Bootstrap tree #991, logLikelihood: -3294279.153721
[328:27:34] [worker #3] Bootstrap tree #984, logLikelihood: -3301308.639070
[329:12:27] [worker #1] Bootstrap tree #994, logLikelihood: -3290328.895308
[329:19:17] [worker #0] Bootstrap tree #993, logLikelihood: -3300302.211171
[329:41:26] [worker #2] Bootstrap tree #995, logLikelihood: -3292700.974151
[329:45:13] [worker #3] Bootstrap tree #988, logLikelihood: -3296335.576101
[330:41:34] [worker #0] Bootstrap tree #997, logLikelihood: -3290890.031782
[330:47:19] [worker #2] Bootstrap tree #999, logLikelihood: -3297553.646409
[330:53:02] [worker #1] Bootstrap tree #998, logLikelihood: -3294741.476668
[330:58:48] [worker #3] Bootstrap tree #992, logLikelihood: -3296971.156368
[331:43:55] [worker #3] Bootstrap tree #996, logLikelihood: -3298844.512957
[332:46:40] [worker #3] Bootstrap tree #1000, logLikelihood: -3301693.030266

Optimized model parameters:

   Partition 0: noname
   Rate heterogeneity: GAMMA (4 cats, mean),  alpha: 0.020139 (ML),  weights&rates: (0.250000,0.000000) (0.250000,0.000000) (0.250000,0.000001) (0.250000,3.999999) 
   Base frequencies (ML): 0.327929 0.171933 0.169645 0.330493 
   Substitution rates (ML): 1.062277 9.799219 0.332697 0.387580 9.588958 1.000000 


Final LogLikelihood: -3298817.562513

AIC score: 6599615.125027 / AICc score: 6599664.565160 / BIC score: 6608142.457622
Free parameters (model + branch lengths): 990

WARNING: Best ML tree contains 81 near-zero branches!

Best ML tree with collapsed near-zero branches saved to: /mnt/archgen/mutans/06-popgen/outfiles/raxml_highcov_NEW/completedeletion_correction/5X_compleetedeletion_RaxmlNG_ASC_STAM.raxml.bestTreeCollapsed
Best ML tree saved to: /mnt/archgen/mutans/06-popgen/outfiles/raxml_highcov_NEW/completedeletion_correction/5X_compleetedeletion_RaxmlNG_ASC_STAM.raxml.bestTree
All ML trees saved to: /mnt/archgen/mutans/06-popgen/outfiles/raxml_highcov_NEW/completedeletion_correction/5X_compleetedeletion_RaxmlNG_ASC_STAM.raxml.mlTrees
Best ML tree with Felsenstein bootstrap (FBP) support values saved to: /mnt/archgen/mutans/06-popgen/outfiles/raxml_highcov_NEW/completedeletion_correction/5X_compleetedeletion_RaxmlNG_ASC_STAM.raxml.support
Optimized model saved to: /mnt/archgen/mutans/06-popgen/outfiles/raxml_highcov_NEW/completedeletion_correction/5X_compleetedeletion_RaxmlNG_ASC_STAM.raxml.bestModel
Bootstrap trees saved to: /mnt/archgen/mutans/06-popgen/outfiles/raxml_highcov_NEW/completedeletion_correction/5X_compleetedeletion_RaxmlNG_ASC_STAM.raxml.bootstraps

Execution log saved to: /mnt/archgen/mutans/06-popgen/outfiles/raxml_highcov_NEW/completedeletion_correction/5X_compleetedeletion_RaxmlNG_ASC_STAM.raxml.log

Analysis started: 06-Nov-2025 22:01:13 / finished: 20-Nov-2025 18:47:55

Elapsed time: 1198001.436 seconds

